2025-06-05 17:24:51,290 - INFO - Loaded symbols: ['105.MSFT', '105.EWJ', '106.TSM', '105.VOO', '105.QQQ', '105.TLT', '105.IEF', '105.BND', '105.GLD', '105.EWJ']
2025-06-05 17:24:51,290 - INFO - Starting to fetch data for 10 stocks, periods: ['1', '5', '15', '30']
2025-06-05 17:24:51,290 - INFO - Fetching US daily data for MSFT ...
2025-06-05 17:24:54,392 - INFO - Fetching US minute data for 105.msft ...
2025-06-05 17:24:56,836 - INFO - Fetching US minute data for 105.MSFT ...
2025-06-05 17:24:59,833 - INFO - Data for 105.MSFT saved to output_V4/US/105.MSFT_US_minute_data_20250605_172459_V4.xlsx
2025-06-05 17:24:59,833 - INFO - Fetching US daily data for EWJ ...
2025-06-05 17:25:02,850 - INFO - Fetching US minute data for 105.ewj ...
2025-06-05 17:25:04,814 - ERROR - Error fetching US data for 105.ewj: 'NoneType' object is not subscriptable
2025-06-05 17:25:04,815 - INFO - Fetching US minute data for 105.EWJ ...
2025-06-05 17:25:06,719 - ERROR - Error fetching US data for 105.EWJ: 'NoneType' object is not subscriptable
2025-06-05 17:25:06,925 - INFO - Data for 105.EWJ saved to output_V4/US/105.EWJ_US_minute_data_20250605_172506_V4.xlsx
2025-06-05 17:25:06,925 - INFO - Fetching US daily data for TSM ...
2025-06-05 17:25:10,492 - INFO - Fetching US minute data for 106.tsm ...
2025-06-05 17:25:12,527 - INFO - Fetching US minute data for 106.TSM ...
2025-06-05 17:25:14,823 - INFO - Data for 106.TSM saved to output_V4/US/106.TSM_US_minute_data_20250605_172514_V4.xlsx
2025-06-05 17:25:14,823 - INFO - Fetching US daily data for VOO ...
2025-06-05 17:25:18,267 - INFO - Fetching US minute data for 105.voo ...
2025-06-05 17:25:19,839 - ERROR - Error fetching US data for 105.voo: 'NoneType' object is not subscriptable
2025-06-05 17:25:19,841 - INFO - Fetching US minute data for 105.VOO ...
2025-06-05 17:25:21,530 - ERROR - Error fetching US data for 105.VOO: 'NoneType' object is not subscriptable
2025-06-05 17:25:21,690 - INFO - Data for 105.VOO saved to output_V4/US/105.VOO_US_minute_data_20250605_172521_V4.xlsx
2025-06-05 17:25:21,690 - INFO - Fetching US daily data for QQQ ...
2025-06-05 17:25:25,188 - INFO - Fetching US minute data for 105.qqq ...
2025-06-05 17:25:27,289 - INFO - Fetching US minute data for 105.QQQ ...
2025-06-05 17:25:29,667 - INFO - Data for 105.QQQ saved to output_V4/US/105.QQQ_US_minute_data_20250605_172529_V4.xlsx
2025-06-05 17:25:29,668 - INFO - Fetching US daily data for TLT ...
2025-06-05 17:25:32,982 - INFO - Fetching US minute data for 105.tlt ...
2025-06-05 17:25:34,835 - INFO - Fetching US minute data for 105.TLT ...
2025-06-05 17:25:37,184 - INFO - Data for 105.TLT saved to output_V4/US/105.TLT_US_minute_data_20250605_172536_V4.xlsx
2025-06-05 17:25:37,184 - INFO - Fetching US daily data for IEF ...
2025-06-05 17:25:41,656 - INFO - Fetching US minute data for 105.ief ...
2025-06-05 17:25:44,057 - INFO - Fetching US minute data for 105.IEF ...
2025-06-05 17:25:46,375 - INFO - Data for 105.IEF saved to output_V4/US/105.IEF_US_minute_data_20250605_172546_V4.xlsx
2025-06-05 17:25:46,375 - INFO - Fetching US daily data for BND ...
2025-06-05 17:25:49,683 - INFO - Fetching US minute data for 105.bnd ...
2025-06-05 17:25:51,487 - INFO - Fetching US minute data for 105.BND ...
2025-06-05 17:25:53,635 - INFO - Data for 105.BND saved to output_V4/US/105.BND_US_minute_data_20250605_172553_V4.xlsx
2025-06-05 17:25:53,635 - INFO - Fetching US daily data for GLD ...
2025-06-05 17:25:57,315 - INFO - Fetching US minute data for 105.gld ...
2025-06-05 17:25:58,871 - ERROR - Error fetching US data for 105.gld: 'NoneType' object is not subscriptable
2025-06-05 17:25:58,874 - INFO - Fetching US minute data for 105.GLD ...
2025-06-05 17:26:00,362 - ERROR - Error fetching US data for 105.GLD: 'NoneType' object is not subscriptable
2025-06-05 17:26:00,572 - INFO - Data for 105.GLD saved to output_V4/US/105.GLD_US_minute_data_20250605_172600_V4.xlsx
2025-06-05 17:26:00,572 - INFO - Fetching US daily data for EWJ ...
2025-06-05 17:26:03,108 - INFO - Fetching US minute data for 105.ewj ...
2025-06-05 17:26:04,828 - ERROR - Error fetching US data for 105.ewj: 'NoneType' object is not subscriptable
2025-06-05 17:26:04,830 - INFO - Fetching US minute data for 105.EWJ ...
2025-06-05 17:26:06,544 - ERROR - Error fetching US data for 105.EWJ: 'NoneType' object is not subscriptable
2025-06-05 17:26:06,796 - INFO - Data for 105.EWJ saved to output_V4/US/105.EWJ_US_minute_data_20250605_172606_V4.xlsx
