2025-05-25 20:29:20,481 - INFO - Loaded symbols: ['105.MSFT', '105.AAPL', '106.TSM', '600536.sh', '600309.sh', '601998.sh', '09988.hk', '00998.hk']
2025-05-25 20:29:22,329 - INFO - Starting to fetch data for 8 stocks, periods: ['1', '5', '15', '30']
2025-05-25 20:29:22,330 - INFO - Fetching US daily data for MSFT ...
2025-05-25 20:29:27,564 - INFO - Fetching US minute data for 105.msft ...
2025-05-25 20:29:30,367 - INFO - Fetching US minute data for 105.MSFT ...
2025-05-25 20:29:33,841 - INFO - Data for 105.MSFT saved to output_V4/US/105.MSFT_US_minute_data_20250525_202933_V4.xlsx
2025-05-25 20:29:33,841 - INFO - Fetching US daily data for AAPL ...
2025-05-25 20:29:37,633 - INFO - Fetching US minute data for 105.aapl ...
2025-05-25 20:29:40,405 - INFO - Fetching US minute data for 105.AAPL ...
2025-05-25 20:29:43,389 - INFO - Data for 105.AAPL saved to output_V4/US/105.AAPL_US_minute_data_20250525_202942_V4.xlsx
2025-05-25 20:29:43,389 - INFO - Fetching US daily data for TSM ...
2025-05-25 20:29:46,875 - INFO - Fetching US minute data for 106.tsm ...
2025-05-25 20:29:49,182 - INFO - Fetching US minute data for 106.TSM ...
2025-05-25 20:29:55,706 - INFO - Data for 106.TSM saved to output_V4/US/106.TSM_US_minute_data_20250525_202955_V4.xlsx
2025-05-25 20:29:55,706 - INFO - Fetching CN daily data for 600536 ...
2025-05-25 20:29:58,552 - INFO - Fetching CN minute data for 600536 period=1...
2025-05-25 20:30:00,940 - INFO - Fetching CN minute data for 600536 period=5...
2025-05-25 20:30:03,230 - INFO - Fetching CN minute data for 600536 period=15...
2025-05-25 20:30:06,453 - INFO - Fetching CN minute data for 600536 period=30...
2025-05-25 20:30:09,166 - INFO - Data for 600536.sh saved to output_V4/CN/600536.sh_CN_minute_data_20250525_203008_V4.xlsx
2025-05-25 20:30:11,487 - INFO - 资金流向已保存到 output_V4/proceeded/CN/600536.sh_CN_fund_flow_20250525_203011_V4.xlsx
2025-05-25 20:30:11,487 - INFO - Fetching CN daily data for 600309 ...
2025-05-25 20:30:14,490 - INFO - Fetching CN minute data for 600309 period=1...
2025-05-25 20:30:16,957 - INFO - Fetching CN minute data for 600309 period=5...
2025-05-25 20:30:19,522 - INFO - Fetching CN minute data for 600309 period=15...
2025-05-25 20:30:21,532 - INFO - Fetching CN minute data for 600309 period=30...
2025-05-25 20:30:24,371 - INFO - Data for 600309.sh saved to output_V4/CN/600309.sh_CN_minute_data_20250525_203023_V4.xlsx
2025-05-25 20:30:26,761 - INFO - 资金流向已保存到 output_V4/proceeded/CN/600309.sh_CN_fund_flow_20250525_203026_V4.xlsx
2025-05-25 20:30:26,761 - INFO - Fetching CN daily data for 601998 ...
2025-05-25 20:30:29,657 - INFO - Fetching CN minute data for 601998 period=1...
2025-05-25 20:30:32,156 - INFO - Fetching CN minute data for 601998 period=5...
2025-05-25 20:30:34,506 - INFO - Fetching CN minute data for 601998 period=15...
2025-05-25 20:30:37,190 - INFO - Fetching CN minute data for 601998 period=30...
2025-05-25 20:30:39,882 - INFO - Data for 601998.sh saved to output_V4/CN/601998.sh_CN_minute_data_20250525_203039_V4.xlsx
2025-05-25 20:30:42,149 - INFO - 资金流向已保存到 output_V4/proceeded/CN/601998.sh_CN_fund_flow_20250525_203042_V4.xlsx
2025-05-25 20:30:42,149 - INFO - Fetching HK daily data for 09988 ...
2025-05-25 20:30:44,339 - INFO - Fetching HK minute data for 09988 period=1...
2025-05-25 20:30:46,870 - INFO - Fetching HK minute data for 09988 period=5...
2025-05-25 20:30:49,135 - INFO - Fetching HK minute data for 09988 period=15...
2025-05-25 20:30:51,313 - INFO - Fetching HK minute data for 09988 period=30...
2025-05-25 20:30:53,824 - INFO - Data for 09988.hk saved to output_V4/HK/09988.hk_HK_minute_data_20250525_203053_V4.xlsx
2025-05-25 20:30:53,824 - INFO - Fetching HK daily data for 00998 ...
2025-05-25 20:30:55,944 - INFO - Fetching HK minute data for 00998 period=1...
2025-05-25 20:30:58,481 - INFO - Fetching HK minute data for 00998 period=5...
2025-05-25 20:31:00,827 - INFO - Fetching HK minute data for 00998 period=15...
2025-05-25 20:31:03,090 - INFO - Fetching HK minute data for 00998 period=30...
2025-05-25 20:31:04,760 - ERROR - Error fetching HK data for 00998.hk: HTTPSConnectionPool(host='push2his.eastmoney.com', port=443): Max retries exceeded with url: /api/qt/stock/kline/get?fields1=f1%2Cf2%2Cf3%2Cf4%2Cf5%2Cf6&fields2=f51%2Cf52%2Cf53%2Cf54%2Cf55%2Cf56%2Cf57%2Cf58%2Cf59%2Cf60%2Cf61&ut=bd1d9ddb04089700cf9c27f6f7426281&klt=30&fqt=0&secid=116.00998&beg=0&end=20500000 (Caused by SSLError(SSLError(1, '[SSL: WRONG_VERSION_NUMBER] wrong version number (_ssl.c:2580)')))
2025-05-25 20:31:05,314 - INFO - Data for 00998.hk saved to output_V4/HK/00998.hk_HK_minute_data_20250525_203104_V4.xlsx
