2025-05-21 20:11:39,644 - INFO - Loaded symbols: ['105.MSFT', '105.AAPL', '106.TSM', '600536.sh', '600309.sh', '601998.sh', '09988.hk', '00998.hk']
2025-05-21 20:11:43,570 - INFO - Starting to fetch data for 8 stocks, periods: ['1', '5', '15', '30']
2025-05-21 20:11:43,571 - INFO - Fetching US daily data for MSFT ...
2025-05-21 20:11:49,192 - INFO - Fetching US minute data for 105.msft ...
2025-05-21 20:11:51,462 - INFO - Fetching US minute data for 105.MSFT ...
2025-05-21 20:11:54,475 - INFO - Data for 105.MSFT saved to output_V4/US/105.MSFT_US_minute_data_20250521_201153_V4.xlsx
2025-05-21 20:11:54,475 - INFO - Fetching US daily data for AAPL ...
2025-05-21 20:11:58,381 - INFO - Fetching US minute data for 105.aapl ...
2025-05-21 20:12:00,663 - INFO - Fetching US minute data for 105.AAPL ...
2025-05-21 20:12:03,626 - INFO - Data for 105.AAPL saved to output_V4/US/105.AAPL_US_minute_data_20250521_201203_V4.xlsx
2025-05-21 20:12:03,626 - INFO - Fetching US daily data for TSM ...
2025-05-21 20:12:06,758 - INFO - Fetching US minute data for 106.tsm ...
2025-05-21 20:12:08,878 - INFO - Fetching US minute data for 106.TSM ...
2025-05-21 20:12:12,033 - INFO - Data for 106.TSM saved to output_V4/US/106.TSM_US_minute_data_20250521_201211_V4.xlsx
2025-05-21 20:12:12,033 - INFO - Fetching CN daily data for 600536 ...
2025-05-21 20:12:14,907 - INFO - Fetching CN minute data for 600536 period=1...
2025-05-21 20:12:17,034 - INFO - Fetching CN minute data for 600536 period=5...
2025-05-21 20:12:19,126 - INFO - Fetching CN minute data for 600536 period=15...
2025-05-21 20:12:21,233 - INFO - Fetching CN minute data for 600536 period=30...
2025-05-21 20:12:23,972 - INFO - Data for 600536.sh saved to output_V4/CN/600536.sh_CN_minute_data_20250521_201223_V4.xlsx
2025-05-21 20:12:25,940 - INFO - 资金流向已保存到 output_V4/proceeded/CN/600536.sh_CN_fund_flow_20250521_201225_V4.xlsx
2025-05-21 20:12:25,940 - INFO - Fetching CN daily data for 600309 ...
2025-05-21 20:12:28,799 - INFO - Fetching CN minute data for 600309 period=1...
2025-05-21 20:12:32,284 - INFO - Fetching CN minute data for 600309 period=5...
2025-05-21 20:12:34,630 - INFO - Fetching CN minute data for 600309 period=15...
2025-05-21 20:12:36,588 - INFO - Fetching CN minute data for 600309 period=30...
2025-05-21 20:12:39,202 - INFO - Data for 600309.sh saved to output_V4/CN/600309.sh_CN_minute_data_20250521_201238_V4.xlsx
2025-05-21 20:12:41,258 - INFO - 资金流向已保存到 output_V4/proceeded/CN/600309.sh_CN_fund_flow_20250521_201241_V4.xlsx
2025-05-21 20:12:41,258 - INFO - Fetching CN daily data for 601998 ...
2025-05-21 20:12:43,663 - INFO - Fetching CN minute data for 601998 period=1...
2025-05-21 20:12:45,905 - INFO - Fetching CN minute data for 601998 period=5...
2025-05-21 20:12:47,963 - INFO - Fetching CN minute data for 601998 period=15...
2025-05-21 20:12:50,040 - INFO - Fetching CN minute data for 601998 period=30...
2025-05-21 20:12:52,379 - INFO - Data for 601998.sh saved to output_V4/CN/601998.sh_CN_minute_data_20250521_201251_V4.xlsx
2025-05-21 20:12:54,268 - INFO - 资金流向已保存到 output_V4/proceeded/CN/601998.sh_CN_fund_flow_20250521_201254_V4.xlsx
2025-05-21 20:12:54,268 - INFO - Fetching HK daily data for 09988 ...
2025-05-21 20:12:56,652 - INFO - Fetching HK minute data for 09988 period=1...
2025-05-21 20:12:59,024 - INFO - Fetching HK minute data for 09988 period=5...
2025-05-21 20:13:01,360 - INFO - Fetching HK minute data for 09988 period=15...
2025-05-21 20:13:03,408 - INFO - Fetching HK minute data for 09988 period=30...
2025-05-21 20:13:05,681 - INFO - Data for 09988.hk saved to output_V4/HK/09988.hk_HK_minute_data_20250521_201305_V4.xlsx
2025-05-21 20:13:05,681 - INFO - Fetching HK daily data for 00998 ...
2025-05-21 20:13:07,852 - INFO - Fetching HK minute data for 00998 period=1...
2025-05-21 20:13:10,578 - INFO - Fetching HK minute data for 00998 period=5...
2025-05-21 20:13:12,637 - INFO - Fetching HK minute data for 00998 period=15...
2025-05-21 20:13:14,549 - INFO - Fetching HK minute data for 00998 period=30...
2025-05-21 20:13:17,150 - INFO - Data for 00998.hk saved to output_V4/HK/00998.hk_HK_minute_data_20250521_201316_V4.xlsx
