2025-05-29 12:42:36,494 - INFO - Loaded symbols: ['105.MSFT', '105.AAPL', '106.TSM', '105.QQQ', '105.IBIT']
2025-05-29 12:42:36,494 - INFO - Starting to fetch data for 5 stocks, periods: ['1', '5', '15', '30']
2025-05-29 12:42:36,494 - INFO - Fetching US daily data for MSFT ...
2025-05-29 12:42:41,882 - INFO - Fetching US minute data for 105.msft ...
2025-05-29 12:42:45,082 - INFO - Fetching US minute data for 105.MSFT ...
2025-05-29 12:42:48,618 - INFO - Data for 105.MSFT saved to output_V4/US/105.MSFT_US_minute_data_20250529_124247_V4.xlsx
2025-05-29 12:42:48,618 - INFO - Fetching US daily data for AAPL ...
2025-05-29 12:42:53,407 - INFO - Fetching US minute data for 105.aapl ...
2025-05-29 12:42:57,682 - INFO - Fetching US minute data for 105.AAPL ...
2025-05-29 12:43:01,544 - INFO - Data for 105.AAPL saved to output_V4/US/105.AAPL_US_minute_data_20250529_124301_V4.xlsx
2025-05-29 12:43:01,544 - INFO - Fetching US daily data for TSM ...
2025-05-29 12:43:06,680 - INFO - Fetching US minute data for 106.tsm ...
2025-05-29 12:43:10,355 - INFO - Fetching US minute data for 106.TSM ...
2025-05-29 12:43:15,106 - INFO - Data for 106.TSM saved to output_V4/US/106.TSM_US_minute_data_20250529_124314_V4.xlsx
2025-05-29 12:43:15,106 - INFO - Fetching US daily data for QQQ ...
2025-05-29 12:43:21,815 - INFO - Fetching US minute data for 105.qqq ...
2025-05-29 12:43:25,989 - INFO - Fetching US minute data for 105.QQQ ...
2025-05-29 12:43:30,358 - INFO - Data for 105.QQQ saved to output_V4/US/105.QQQ_US_minute_data_20250529_124330_V4.xlsx
2025-05-29 12:43:30,358 - INFO - Fetching US daily data for IBIT ...
2025-05-29 12:43:34,163 - INFO - Fetching US minute data for 105.ibit ...
2025-05-29 12:43:37,831 - INFO - Fetching US minute data for 105.IBIT ...
2025-05-29 12:43:40,809 - INFO - Data for 105.IBIT saved to output_V4/US/105.IBIT_US_minute_data_20250529_124340_V4.xlsx
