2025-05-17 18:45:51,416 - INFO - Loaded symbols: ['105.MSFT', '105.EWJ', '106.TSM', '600536.sh', '600309.sh', '601998.sh', '09988.hk', '00998.hk']
2025-05-17 18:45:54,033 - INFO - Starting to fetch data for 8 stocks, periods: ['1', '5', '15', '30']
2025-05-17 18:45:54,034 - INFO - Fetching US daily data for MSFT ...
2025-05-17 18:45:59,542 - INFO - Fetching US minute data for 105.msft ...
2025-05-17 18:46:02,116 - INFO - Fetching US minute data for 105.MSFT ...
2025-05-17 18:46:05,226 - INFO - Data for 105.MSFT saved to output_V4/US/105.MSFT_US_minute_data_20250517_184604_V4.xlsx
2025-05-17 18:46:05,226 - INFO - Fetching US daily data for EWJ ...
2025-05-17 18:46:08,275 - INFO - Fetching US minute data for 105.ewj ...
2025-05-17 18:46:10,329 - ERROR - Error fetching US data for 105.ewj: 'NoneType' object is not subscriptable
2025-05-17 18:46:10,330 - INFO - Fetching US minute data for 105.EWJ ...
2025-05-17 18:46:12,304 - ERROR - Error fetching US data for 105.EWJ: 'NoneType' object is not subscriptable
2025-05-17 18:46:12,507 - INFO - Data for 105.EWJ saved to output_V4/US/105.EWJ_US_minute_data_20250517_184612_V4.xlsx
2025-05-17 18:46:12,507 - INFO - Fetching US daily data for TSM ...
2025-05-17 18:46:15,818 - INFO - Fetching US minute data for 106.tsm ...
2025-05-17 18:46:17,938 - INFO - Fetching US minute data for 106.TSM ...
2025-05-17 18:46:20,889 - INFO - Data for 106.TSM saved to output_V4/US/106.TSM_US_minute_data_20250517_184620_V4.xlsx
2025-05-17 18:46:20,889 - INFO - Fetching CN daily data for 600536 ...
2025-05-17 18:46:23,954 - INFO - Fetching CN minute data for 600536 period=1...
2025-05-17 18:46:26,418 - INFO - Fetching CN minute data for 600536 period=5...
2025-05-17 18:46:28,959 - INFO - Fetching CN minute data for 600536 period=15...
2025-05-17 18:46:30,901 - INFO - Fetching CN minute data for 600536 period=30...
2025-05-17 18:46:33,904 - INFO - Data for 600536.sh saved to output_V4/CN/600536.sh_CN_minute_data_20250517_184633_V4.xlsx
2025-05-17 18:46:36,387 - INFO - 资金流向已保存到 output_V4/proceeded/CN/600536.sh_CN_fund_flow_20250517_184636_V4.xlsx
2025-05-17 18:46:36,388 - INFO - Fetching CN daily data for 600309 ...
2025-05-17 18:46:38,987 - INFO - Fetching CN minute data for 600309 period=1...
2025-05-17 18:46:41,546 - INFO - Fetching CN minute data for 600309 period=5...
2025-05-17 18:46:43,758 - INFO - Fetching CN minute data for 600309 period=15...
2025-05-17 18:46:46,280 - INFO - Fetching CN minute data for 600309 period=30...
2025-05-17 18:46:49,052 - INFO - Data for 600309.sh saved to output_V4/CN/600309.sh_CN_minute_data_20250517_184648_V4.xlsx
2025-05-17 18:46:51,046 - INFO - 资金流向已保存到 output_V4/proceeded/CN/600309.sh_CN_fund_flow_20250517_184651_V4.xlsx
2025-05-17 18:46:51,047 - INFO - Fetching CN daily data for 601998 ...
2025-05-17 18:46:54,335 - INFO - Fetching CN minute data for 601998 period=1...
2025-05-17 18:46:56,865 - INFO - Fetching CN minute data for 601998 period=5...
2025-05-17 18:46:59,175 - INFO - Fetching CN minute data for 601998 period=15...
2025-05-17 18:47:01,383 - INFO - Fetching CN minute data for 601998 period=30...
2025-05-17 18:47:04,349 - INFO - Data for 601998.sh saved to output_V4/CN/601998.sh_CN_minute_data_20250517_184703_V4.xlsx
2025-05-17 18:47:06,521 - INFO - 资金流向已保存到 output_V4/proceeded/CN/601998.sh_CN_fund_flow_20250517_184706_V4.xlsx
2025-05-17 18:47:06,521 - INFO - Fetching HK daily data for 09988 ...
2025-05-17 18:47:09,443 - INFO - Fetching HK minute data for 09988 period=1...
2025-05-17 18:47:11,751 - INFO - Fetching HK minute data for 09988 period=5...
2025-05-17 18:47:14,457 - INFO - Fetching HK minute data for 09988 period=15...
2025-05-17 18:47:16,320 - INFO - Fetching HK minute data for 09988 period=30...
2025-05-17 18:47:18,789 - INFO - Data for 09988.hk saved to output_V4/HK/09988.hk_HK_minute_data_20250517_184718_V4.xlsx
2025-05-17 18:47:18,789 - INFO - Fetching HK daily data for 00998 ...
2025-05-17 18:47:21,329 - INFO - Fetching HK minute data for 00998 period=1...
2025-05-17 18:47:23,906 - INFO - Fetching HK minute data for 00998 period=5...
2025-05-17 18:47:26,463 - INFO - Fetching HK minute data for 00998 period=15...
2025-05-17 18:47:28,474 - INFO - Fetching HK minute data for 00998 period=30...
2025-05-17 18:47:31,064 - INFO - Data for 00998.hk saved to output_V4/HK/00998.hk_HK_minute_data_20250517_184730_V4.xlsx
