2025-05-31 19:01:26,793 - INFO - Loaded symbols: ['105.VOO', '105.EWJ', '105.TLT', '105.IEF', '105.GLD']
2025-05-31 19:01:26,794 - INFO - Starting to fetch data for 5 stocks, periods: ['1', '5', '15', '30']
2025-05-31 19:01:26,794 - INFO - Fetching US daily data for VOO ...
2025-05-31 19:01:30,953 - INFO - Fetching US minute data for 105.voo ...
2025-05-31 19:01:32,868 - ERROR - Error fetching US data for 105.voo: 'NoneType' object is not subscriptable
2025-05-31 19:01:32,870 - INFO - Fetching US minute data for 105.VOO ...
2025-05-31 19:01:34,447 - ERROR - Error fetching US data for 105.VOO: 'NoneType' object is not subscriptable
2025-05-31 19:01:34,673 - INFO - Data for 105.VOO saved to output_V4/US/105.VOO_US_minute_data_20250531_190134_V4.xlsx
2025-05-31 19:01:34,673 - INFO - Fetching US daily data for EWJ ...
2025-05-31 19:01:37,613 - INFO - Fetching US minute data for 105.ewj ...
2025-05-31 19:01:39,581 - ERROR - Error fetching US data for 105.ewj: 'NoneType' object is not subscriptable
2025-05-31 19:01:39,582 - INFO - Fetching US minute data for 105.EWJ ...
2025-05-31 19:01:41,146 - ERROR - Error fetching US data for 105.EWJ: 'NoneType' object is not subscriptable
2025-05-31 19:01:41,369 - INFO - Data for 105.EWJ saved to output_V4/US/105.EWJ_US_minute_data_20250531_190141_V4.xlsx
2025-05-31 19:01:41,369 - INFO - Fetching US daily data for TLT ...
2025-05-31 19:01:44,513 - INFO - Fetching US minute data for 105.tlt ...
2025-05-31 19:01:46,237 - INFO - Fetching US minute data for 105.TLT ...
2025-05-31 19:01:48,194 - INFO - Data for 105.TLT saved to output_V4/US/105.TLT_US_minute_data_20250531_190148_V4.xlsx
2025-05-31 19:01:48,194 - INFO - Fetching US daily data for IEF ...
2025-05-31 19:01:50,756 - INFO - Fetching US minute data for 105.ief ...
2025-05-31 19:01:52,447 - INFO - Fetching US minute data for 105.IEF ...
2025-05-31 19:01:54,477 - INFO - Data for 105.IEF saved to output_V4/US/105.IEF_US_minute_data_20250531_190154_V4.xlsx
2025-05-31 19:01:54,477 - INFO - Fetching US daily data for GLD ...
2025-05-31 19:01:57,588 - INFO - Fetching US minute data for 105.gld ...
2025-05-31 19:01:58,981 - ERROR - Error fetching US data for 105.gld: 'NoneType' object is not subscriptable
2025-05-31 19:01:58,984 - INFO - Fetching US minute data for 105.GLD ...
2025-05-31 19:02:00,533 - ERROR - Error fetching US data for 105.GLD: 'NoneType' object is not subscriptable
2025-05-31 19:02:00,770 - INFO - Data for 105.GLD saved to output_V4/US/105.GLD_US_minute_data_20250531_190200_V4.xlsx
