2025-05-19 14:42:25,444 - INFO - Loaded symbols: ['600536.sh', '600309.sh', '601998.sh', '09988.hk', '00998.hk']
2025-05-19 14:42:27,114 - INFO - Starting to fetch data for 5 stocks, periods: ['1', '5', '15', '30']
2025-05-19 14:42:27,114 - INFO - Fetching CN daily data for 600536 ...
2025-05-19 14:42:31,103 - INFO - Fetching CN minute data for 600536 period=1...
2025-05-19 14:42:34,168 - INFO - Fetching CN minute data for 600536 period=5...
2025-05-19 14:42:37,483 - INFO - Fetching CN minute data for 600536 period=15...
2025-05-19 14:42:40,191 - INFO - Fetching CN minute data for 600536 period=30...
2025-05-19 14:42:44,160 - INFO - Data for 600536.sh saved to output_V4/CN/600536.sh_CN_minute_data_20250519_144243_V4.xlsx
2025-05-19 14:42:47,483 - INFO - 资金流向已保存到 output_V4/proceeded/CN/600536.sh_CN_fund_flow_20250519_144247_V4.xlsx
2025-05-19 14:42:47,483 - INFO - Fetching CN daily data for 600309 ...
2025-05-19 14:42:53,380 - INFO - Fetching CN minute data for 600309 period=1...
2025-05-19 14:42:56,841 - INFO - Fetching CN minute data for 600309 period=5...
2025-05-19 14:43:02,083 - INFO - Fetching CN minute data for 600309 period=15...
2025-05-19 14:43:06,806 - INFO - Fetching CN minute data for 600309 period=30...
2025-05-19 14:43:10,814 - INFO - Data for 600309.sh saved to output_V4/CN/600309.sh_CN_minute_data_20250519_144310_V4.xlsx
2025-05-19 14:43:13,570 - INFO - 资金流向已保存到 output_V4/proceeded/CN/600309.sh_CN_fund_flow_20250519_144313_V4.xlsx
2025-05-19 14:43:13,570 - INFO - Fetching CN daily data for 601998 ...
2025-05-19 14:43:17,054 - INFO - Fetching CN minute data for 601998 period=1...
2025-05-19 14:43:19,920 - INFO - Fetching CN minute data for 601998 period=5...
2025-05-19 14:43:23,013 - INFO - Fetching CN minute data for 601998 period=15...
2025-05-19 14:43:24,989 - INFO - Fetching CN minute data for 601998 period=30...
2025-05-19 14:43:27,653 - INFO - Data for 601998.sh saved to output_V4/CN/601998.sh_CN_minute_data_20250519_144327_V4.xlsx
2025-05-19 14:43:29,763 - INFO - 资金流向已保存到 output_V4/proceeded/CN/601998.sh_CN_fund_flow_20250519_144329_V4.xlsx
2025-05-19 14:43:29,763 - INFO - Fetching HK daily data for 09988 ...
2025-05-19 14:43:35,168 - INFO - Fetching HK minute data for 09988 period=1...
2025-05-19 14:43:38,697 - INFO - Fetching HK minute data for 09988 period=5...
2025-05-19 14:43:41,548 - INFO - Fetching HK minute data for 09988 period=15...
2025-05-19 14:43:44,184 - INFO - Fetching HK minute data for 09988 period=30...
2025-05-19 14:43:46,853 - INFO - Data for 09988.hk saved to output_V4/HK/09988.hk_HK_minute_data_20250519_144346_V4.xlsx
2025-05-19 14:43:46,853 - INFO - Fetching HK daily data for 00998 ...
2025-05-19 14:43:50,422 - INFO - Fetching HK minute data for 00998 period=1...
2025-05-19 14:43:53,107 - INFO - Fetching HK minute data for 00998 period=5...
2025-05-19 14:43:55,444 - INFO - Fetching HK minute data for 00998 period=15...
2025-05-19 14:43:59,015 - INFO - Fetching HK minute data for 00998 period=30...
2025-05-19 14:44:02,991 - INFO - Data for 00998.hk saved to output_V4/HK/00998.hk_HK_minute_data_20250519_144402_V4.xlsx
