2025-06-12 19:43:24,416 - INFO - Loaded symbols: ['600536.sh', '600309.sh', '601998.sh', '09988.hk', '00998.hk', '105.MSFT', '106.TSM', '105.GLD']
2025-06-12 19:43:34,418 - INFO - Starting to fetch data for 8 stocks, periods: ['1', '5', '15', '30']
2025-06-12 19:43:34,419 - INFO - Fetching CN daily data for 600536 ...
2025-06-12 19:43:37,117 - INFO - Fetching CN minute data for 600536 period=1...
2025-06-12 19:43:39,027 - INFO - Fetching CN minute data for 600536 period=5...
2025-06-12 19:43:40,906 - INFO - Fetching CN minute data for 600536 period=15...
2025-06-12 19:43:42,566 - INFO - Fetching CN minute data for 600536 period=30...
2025-06-12 19:43:45,160 - INFO - Data for 600536.sh saved to output_V4/CN/600536.sh_CN_minute_data_20250612_194344_V4.xlsx
2025-06-12 19:43:46,967 - INFO - 资金流向已保存到 output_V4/proceeded/CN/600536.sh_CN_fund_flow_20250612_194346_V4.xlsx
2025-06-12 19:43:46,967 - INFO - Fetching CN daily data for 600309 ...
2025-06-12 19:43:49,230 - INFO - Fetching CN minute data for 600309 period=1...
2025-06-12 19:43:51,294 - INFO - Fetching CN minute data for 600309 period=5...
2025-06-12 19:43:53,175 - INFO - Fetching CN minute data for 600309 period=15...
2025-06-12 19:43:54,868 - INFO - Fetching CN minute data for 600309 period=30...
2025-06-12 19:43:57,118 - INFO - Data for 600309.sh saved to output_V4/CN/600309.sh_CN_minute_data_20250612_194356_V4.xlsx
2025-06-12 19:43:58,754 - INFO - 资金流向已保存到 output_V4/proceeded/CN/600309.sh_CN_fund_flow_20250612_194358_V4.xlsx
2025-06-12 19:43:58,755 - INFO - Fetching CN daily data for 601998 ...
2025-06-12 19:44:01,208 - INFO - Fetching CN minute data for 601998 period=1...
2025-06-12 19:44:02,927 - INFO - Fetching CN minute data for 601998 period=5...
2025-06-12 19:44:04,821 - INFO - Fetching CN minute data for 601998 period=15...
2025-06-12 19:44:06,625 - INFO - Fetching CN minute data for 601998 period=30...
2025-06-12 19:44:08,767 - INFO - Data for 601998.sh saved to output_V4/CN/601998.sh_CN_minute_data_20250612_194408_V4.xlsx
2025-06-12 19:44:10,248 - INFO - 资金流向已保存到 output_V4/proceeded/CN/601998.sh_CN_fund_flow_20250612_194410_V4.xlsx
2025-06-12 19:44:10,249 - INFO - Fetching HK daily data for 09988 ...
2025-06-12 19:44:12,502 - INFO - Fetching HK minute data for 09988 period=1...
2025-06-12 19:44:14,678 - INFO - Fetching HK minute data for 09988 period=5...
2025-06-12 19:44:16,753 - INFO - Fetching HK minute data for 09988 period=15...
2025-06-12 19:44:18,440 - INFO - Fetching HK minute data for 09988 period=30...
2025-06-12 19:44:20,516 - INFO - Data for 09988.hk saved to output_V4/HK/09988.hk_HK_minute_data_20250612_194420_V4.xlsx
2025-06-12 19:44:20,516 - INFO - Fetching HK daily data for 00998 ...
2025-06-12 19:44:22,991 - INFO - Fetching HK minute data for 00998 period=1...
2025-06-12 19:44:25,089 - INFO - Fetching HK minute data for 00998 period=5...
2025-06-12 19:44:27,071 - INFO - Fetching HK minute data for 00998 period=15...
2025-06-12 19:44:28,749 - INFO - Fetching HK minute data for 00998 period=30...
2025-06-12 19:44:30,940 - INFO - Data for 00998.hk saved to output_V4/HK/00998.hk_HK_minute_data_20250612_194430_V4.xlsx
2025-06-12 19:44:30,940 - INFO - Fetching US daily data for MSFT ...
2025-06-12 19:44:35,797 - INFO - Fetching US minute data for 105.msft ...
2025-06-12 19:44:38,038 - INFO - Fetching US minute data for 105.MSFT ...
2025-06-12 19:44:40,653 - INFO - Data for 105.MSFT saved to output_V4/US/105.MSFT_US_minute_data_20250612_194440_V4.xlsx
2025-06-12 19:44:40,653 - INFO - Fetching US daily data for TSM ...
2025-06-12 19:44:43,283 - INFO - Fetching US minute data for 106.tsm ...
2025-06-12 19:44:45,335 - INFO - Fetching US minute data for 106.TSM ...
2025-06-12 19:44:47,808 - INFO - Data for 106.TSM saved to output_V4/US/106.TSM_US_minute_data_20250612_194447_V4.xlsx
2025-06-12 19:44:47,808 - INFO - Fetching US daily data for GLD ...
2025-06-12 19:44:51,031 - INFO - Fetching US minute data for 105.gld ...
2025-06-12 19:44:52,632 - ERROR - Error fetching US data for 105.gld: 'NoneType' object is not subscriptable
2025-06-12 19:44:52,634 - INFO - Fetching US minute data for 105.GLD ...
2025-06-12 19:44:54,177 - ERROR - Error fetching US data for 105.GLD: 'NoneType' object is not subscriptable
2025-06-12 19:44:54,386 - INFO - Data for 105.GLD saved to output_V4/US/105.GLD_US_minute_data_20250612_194454_V4.xlsx
