2025-05-18 12:46:08,500 - INFO - Loaded symbols: ['105.MSFT', '105.EWJ', '106.TSM', '600536.sh', '600309.sh', '601998.sh', '09988.hk', '00998.hk']
2025-05-18 12:46:10,348 - INFO - Starting to fetch data for 8 stocks, periods: ['1', '5', '15', '30']
2025-05-18 12:46:10,348 - INFO - Fetching US daily data for MSFT ...
2025-05-18 12:46:18,694 - INFO - Fetching US minute data for 105.msft ...
2025-05-18 12:46:21,396 - INFO - Fetching US minute data for 105.MSFT ...
2025-05-18 12:46:24,661 - INFO - Data for 105.MSFT saved to output_V4/US/105.MSFT_US_minute_data_20250518_124624_V4.xlsx
2025-05-18 12:46:24,661 - INFO - Fetching US daily data for EWJ ...
2025-05-18 12:46:28,613 - INFO - Fetching US minute data for 105.ewj ...
2025-05-18 12:46:30,809 - ERROR - Error fetching US data for 105.ewj: 'NoneType' object is not subscriptable
2025-05-18 12:46:30,811 - INFO - Fetching US minute data for 105.EWJ ...
2025-05-18 12:46:33,710 - ERROR - Error fetching US data for 105.EWJ: 'NoneType' object is not subscriptable
2025-05-18 12:46:33,910 - INFO - Data for 105.EWJ saved to output_V4/US/105.EWJ_US_minute_data_20250518_124633_V4.xlsx
2025-05-18 12:46:33,910 - INFO - Fetching US daily data for TSM ...
2025-05-18 12:46:36,941 - INFO - Fetching US minute data for 106.tsm ...
2025-05-18 12:46:39,211 - INFO - Fetching US minute data for 106.TSM ...
2025-05-18 12:46:41,923 - INFO - Data for 106.TSM saved to output_V4/US/106.TSM_US_minute_data_20250518_124641_V4.xlsx
2025-05-18 12:46:41,923 - INFO - Fetching CN daily data for 600536 ...
2025-05-18 12:46:45,447 - INFO - Fetching CN minute data for 600536 period=1...
2025-05-18 12:46:47,956 - INFO - Fetching CN minute data for 600536 period=5...
2025-05-18 12:46:50,241 - INFO - Fetching CN minute data for 600536 period=15...
2025-05-18 12:46:52,428 - INFO - Fetching CN minute data for 600536 period=30...
2025-05-18 12:46:55,149 - INFO - Data for 600536.sh saved to output_V4/CN/600536.sh_CN_minute_data_20250518_124654_V4.xlsx
2025-05-18 12:46:57,361 - INFO - 资金流向已保存到 output_V4/proceeded/CN/600536.sh_CN_fund_flow_20250518_124657_V4.xlsx
2025-05-18 12:46:57,361 - INFO - Fetching CN daily data for 600309 ...
2025-05-18 12:47:01,071 - INFO - Fetching CN minute data for 600309 period=1...
2025-05-18 12:47:04,022 - INFO - Fetching CN minute data for 600309 period=5...
2025-05-18 12:47:06,443 - INFO - Fetching CN minute data for 600309 period=15...
2025-05-18 12:47:09,125 - INFO - Fetching CN minute data for 600309 period=30...
2025-05-18 12:47:11,801 - INFO - Data for 600309.sh saved to output_V4/CN/600309.sh_CN_minute_data_20250518_124711_V4.xlsx
2025-05-18 12:47:14,598 - INFO - 资金流向已保存到 output_V4/proceeded/CN/600309.sh_CN_fund_flow_20250518_124714_V4.xlsx
2025-05-18 12:47:14,598 - INFO - Fetching CN daily data for 601998 ...
2025-05-18 12:47:17,334 - INFO - Fetching CN minute data for 601998 period=1...
2025-05-18 12:47:19,478 - INFO - Fetching CN minute data for 601998 period=5...
2025-05-18 12:47:21,744 - INFO - Fetching CN minute data for 601998 period=15...
2025-05-18 12:47:23,955 - INFO - Fetching CN minute data for 601998 period=30...
2025-05-18 12:47:26,550 - INFO - Data for 601998.sh saved to output_V4/CN/601998.sh_CN_minute_data_20250518_124726_V4.xlsx
2025-05-18 12:47:28,779 - INFO - 资金流向已保存到 output_V4/proceeded/CN/601998.sh_CN_fund_flow_20250518_124728_V4.xlsx
2025-05-18 12:47:28,780 - INFO - Fetching HK daily data for 09988 ...
2025-05-18 12:47:30,860 - INFO - Fetching HK minute data for 09988 period=1...
2025-05-18 12:47:33,249 - INFO - Fetching HK minute data for 09988 period=5...
2025-05-18 12:47:35,507 - INFO - Fetching HK minute data for 09988 period=15...
2025-05-18 12:47:37,588 - INFO - Fetching HK minute data for 09988 period=30...
2025-05-18 12:47:39,979 - INFO - Data for 09988.hk saved to output_V4/HK/09988.hk_HK_minute_data_20250518_124739_V4.xlsx
2025-05-18 12:47:39,979 - INFO - Fetching HK daily data for 00998 ...
2025-05-18 12:47:41,994 - INFO - Fetching HK minute data for 00998 period=1...
2025-05-18 12:47:44,895 - INFO - Fetching HK minute data for 00998 period=5...
2025-05-18 12:47:47,603 - INFO - Fetching HK minute data for 00998 period=15...
2025-05-18 12:47:49,599 - INFO - Fetching HK minute data for 00998 period=30...
2025-05-18 12:47:52,071 - INFO - Data for 00998.hk saved to output_V4/HK/00998.hk_HK_minute_data_20250518_124751_V4.xlsx
