2025-07-09 14:42:19,786 - INFO - Loaded symbols: ['600536.sh', '600309.sh', '601998.sh', '09988.hk', '00998.hk', '105.MSFT', '106.TSM', '105.GLD']
2025-07-09 14:42:22,960 - INFO - Starting to fetch data for 8 stocks, periods: ['1', '5', '15', '30']
2025-07-09 14:42:22,960 - INFO - Fetching CN daily data for 600536 ...
2025-07-09 14:42:26,969 - INFO - Fetching CN minute data for 600536 period=1...
2025-07-09 14:42:34,674 - INFO - Fetching CN minute data for 600536 period=5...
2025-07-09 14:42:38,092 - INFO - Fetching CN minute data for 600536 period=15...
2025-07-09 14:42:41,187 - INFO - Fetching CN minute data for 600536 period=30...
2025-07-09 14:42:47,388 - INFO - Data for 600536.sh saved to output_V4/CN/600536.sh_CN_minute_data_20250709_144246_V4.xlsx
2025-07-09 14:42:49,858 - INFO - 资金流向已保存到 output_V4/proceeded/CN/600536.sh_CN_fund_flow_20250709_144249_V4.xlsx
2025-07-09 14:42:49,858 - INFO - Fetching CN daily data for 600309 ...
2025-07-09 14:42:55,037 - INFO - Fetching CN minute data for 600309 period=1...
2025-07-09 14:42:57,885 - INFO - Fetching CN minute data for 600309 period=5...
2025-07-09 14:43:00,778 - INFO - Fetching CN minute data for 600309 period=15...
2025-07-09 14:43:03,034 - INFO - Fetching CN minute data for 600309 period=30...
2025-07-09 14:43:10,716 - INFO - Data for 600309.sh saved to output_V4/CN/600309.sh_CN_minute_data_20250709_144309_V4.xlsx
2025-07-09 14:43:12,644 - INFO - 资金流向已保存到 output_V4/proceeded/CN/600309.sh_CN_fund_flow_20250709_144312_V4.xlsx
2025-07-09 14:43:12,644 - INFO - Fetching CN daily data for 601998 ...
2025-07-09 14:43:21,321 - INFO - Fetching CN minute data for 601998 period=1...
2025-07-09 14:43:23,911 - INFO - Fetching CN minute data for 601998 period=5...
2025-07-09 14:43:28,291 - INFO - Fetching CN minute data for 601998 period=15...
2025-07-09 14:43:32,359 - INFO - Fetching CN minute data for 601998 period=30...
2025-07-09 14:43:36,399 - INFO - Data for 601998.sh saved to output_V4/CN/601998.sh_CN_minute_data_20250709_144335_V4.xlsx
2025-07-09 14:43:39,860 - INFO - 资金流向已保存到 output_V4/proceeded/CN/601998.sh_CN_fund_flow_20250709_144339_V4.xlsx
2025-07-09 14:43:39,861 - INFO - Fetching HK daily data for 09988 ...
2025-07-09 14:43:42,446 - INFO - Fetching HK minute data for 09988 period=1...
2025-07-09 14:43:45,433 - INFO - Fetching HK minute data for 09988 period=5...
2025-07-09 14:43:47,920 - INFO - Fetching HK minute data for 09988 period=15...
2025-07-09 14:43:50,182 - INFO - Fetching HK minute data for 09988 period=30...
2025-07-09 14:43:53,207 - INFO - Data for 09988.hk saved to output_V4/HK/09988.hk_HK_minute_data_20250709_144352_V4.xlsx
2025-07-09 14:43:53,207 - INFO - Fetching HK daily data for 00998 ...
2025-07-09 14:43:57,863 - INFO - Fetching HK minute data for 00998 period=1...
2025-07-09 14:44:00,867 - INFO - Fetching HK minute data for 00998 period=5...
2025-07-09 14:44:04,616 - INFO - Fetching HK minute data for 00998 period=15...
2025-07-09 14:44:06,388 - INFO - Fetching HK minute data for 00998 period=30...
2025-07-09 14:44:08,763 - INFO - Data for 00998.hk saved to output_V4/HK/00998.hk_HK_minute_data_20250709_144408_V4.xlsx
2025-07-09 14:44:08,763 - INFO - Fetching US daily data for MSFT ...
2025-07-09 14:44:15,766 - INFO - Fetching US minute data for 105.msft ...
2025-07-09 14:44:18,879 - INFO - Fetching US minute data for 105.MSFT ...
2025-07-09 14:44:24,143 - INFO - Data for 105.MSFT saved to output_V4/US/105.MSFT_US_minute_data_20250709_144423_V4.xlsx
2025-07-09 14:44:24,144 - INFO - Fetching US daily data for TSM ...
2025-07-09 14:44:31,123 - INFO - Fetching US minute data for 106.tsm ...
2025-07-09 14:44:33,883 - INFO - Fetching US minute data for 106.TSM ...
2025-07-09 14:44:36,590 - INFO - Data for 106.TSM saved to output_V4/US/106.TSM_US_minute_data_20250709_144436_V4.xlsx
2025-07-09 14:44:36,590 - INFO - Fetching US daily data for GLD ...
2025-07-09 14:44:42,154 - INFO - Fetching US minute data for 105.gld ...
2025-07-09 14:44:45,333 - ERROR - Error fetching US data for 105.gld: 'NoneType' object is not subscriptable
2025-07-09 14:44:45,334 - INFO - Fetching US minute data for 105.GLD ...
2025-07-09 14:44:48,035 - ERROR - Error fetching US data for 105.GLD: 'NoneType' object is not subscriptable
2025-07-09 14:44:48,257 - INFO - Data for 105.GLD saved to output_V4/US/105.GLD_US_minute_data_20250709_144448_V4.xlsx
