2025-05-20 16:33:31,710 - INFO - Loaded symbols: ['105.MSFT', '105.EWJ', '106.TSM', '600536.sh', '600309.sh', '601998.sh', '09988.hk', '00998.hk']
2025-05-20 16:33:33,494 - INFO - Starting to fetch data for 8 stocks, periods: ['1', '5', '15', '30']
2025-05-20 16:33:33,494 - INFO - Fetching US daily data for MSFT ...
2025-05-20 16:33:36,247 - INFO - Fetching US minute data for 105.msft ...
2025-05-20 16:33:37,246 - INFO - Fetching US minute data for 105.MSFT ...
2025-05-20 16:33:38,936 - INFO - Data for 105.MSFT saved to output_V4/US/105.MSFT_US_minute_data_20250520_163338_V4.xlsx
2025-05-20 16:33:38,936 - INFO - Fetching US daily data for EWJ ...
2025-05-20 16:33:41,068 - INFO - Fetching US minute data for 105.ewj ...
2025-05-20 16:33:41,913 - ERROR - Error fetching US data for 105.ewj: 'NoneType' object is not subscriptable
2025-05-20 16:33:41,914 - INFO - Fetching US minute data for 105.EWJ ...
2025-05-20 16:33:42,821 - ERROR - Error fetching US data for 105.EWJ: 'NoneType' object is not subscriptable
2025-05-20 16:33:43,035 - INFO - Data for 105.EWJ saved to output_V4/US/105.EWJ_US_minute_data_20250520_163342_V4.xlsx
2025-05-20 16:33:43,035 - INFO - Fetching US daily data for TSM ...
2025-05-20 16:33:44,373 - INFO - Fetching US minute data for 106.tsm ...
2025-05-20 16:33:45,392 - INFO - Fetching US minute data for 106.TSM ...
2025-05-20 16:33:46,857 - INFO - Data for 106.TSM saved to output_V4/US/106.TSM_US_minute_data_20250520_163346_V4.xlsx
2025-05-20 16:33:46,858 - INFO - Fetching CN daily data for 600536 ...
2025-05-20 16:33:48,046 - INFO - Fetching CN minute data for 600536 period=1...
2025-05-20 16:33:49,138 - INFO - Fetching CN minute data for 600536 period=5...
2025-05-20 16:33:50,125 - INFO - Fetching CN minute data for 600536 period=15...
2025-05-20 16:33:51,024 - INFO - Fetching CN minute data for 600536 period=30...
2025-05-20 16:33:52,535 - INFO - Data for 600536.sh saved to output_V4/CN/600536.sh_CN_minute_data_20250520_163351_V4.xlsx
2025-05-20 16:33:53,607 - INFO - 资金流向已保存到 output_V4/proceeded/CN/600536.sh_CN_fund_flow_20250520_163353_V4.xlsx
2025-05-20 16:33:53,608 - INFO - Fetching CN daily data for 600309 ...
2025-05-20 16:33:55,618 - INFO - Fetching CN minute data for 600309 period=1...
2025-05-20 16:33:56,891 - INFO - Fetching CN minute data for 600309 period=5...
2025-05-20 16:34:00,093 - INFO - Fetching CN minute data for 600309 period=15...
2025-05-20 16:34:01,100 - INFO - Fetching CN minute data for 600309 period=30...
2025-05-20 16:34:02,628 - INFO - Data for 600309.sh saved to output_V4/CN/600309.sh_CN_minute_data_20250520_163401_V4.xlsx
2025-05-20 16:34:03,548 - INFO - 资金流向已保存到 output_V4/proceeded/CN/600309.sh_CN_fund_flow_20250520_163403_V4.xlsx
2025-05-20 16:34:03,548 - INFO - Fetching CN daily data for 601998 ...
2025-05-20 16:34:04,752 - INFO - Fetching CN minute data for 601998 period=1...
2025-05-20 16:34:05,791 - INFO - Fetching CN minute data for 601998 period=5...
2025-05-20 16:34:06,791 - INFO - Fetching CN minute data for 601998 period=15...
2025-05-20 16:34:07,702 - INFO - Fetching CN minute data for 601998 period=30...
2025-05-20 16:34:09,190 - INFO - Data for 601998.sh saved to output_V4/CN/601998.sh_CN_minute_data_20250520_163408_V4.xlsx
2025-05-20 16:34:10,164 - INFO - 资金流向已保存到 output_V4/proceeded/CN/601998.sh_CN_fund_flow_20250520_163410_V4.xlsx
2025-05-20 16:34:10,164 - INFO - Fetching HK daily data for 09988 ...
2025-05-20 16:34:11,014 - INFO - Fetching HK minute data for 09988 period=1...
2025-05-20 16:34:12,114 - INFO - Fetching HK minute data for 09988 period=5...
2025-05-20 16:34:13,112 - INFO - Fetching HK minute data for 09988 period=15...
2025-05-20 16:34:14,202 - INFO - Fetching HK minute data for 09988 period=30...
2025-05-20 16:34:15,399 - INFO - Data for 09988.hk saved to output_V4/HK/09988.hk_HK_minute_data_20250520_163415_V4.xlsx
2025-05-20 16:34:15,399 - INFO - Fetching HK daily data for 00998 ...
2025-05-20 16:34:16,439 - INFO - Fetching HK minute data for 00998 period=1...
2025-05-20 16:34:17,559 - INFO - Fetching HK minute data for 00998 period=5...
2025-05-20 16:34:18,522 - INFO - Fetching HK minute data for 00998 period=15...
2025-05-20 16:34:19,638 - INFO - Fetching HK minute data for 00998 period=30...
2025-05-20 16:34:21,226 - INFO - Data for 00998.hk saved to output_V4/HK/00998.hk_HK_minute_data_20250520_163420_V4.xlsx
