2025-05-28 22:34:31,385 - INFO - Loaded symbols: ['105.MSFT', '105.AAPL', '106.TSM', '600536.sh', '600309.sh', '601998.sh', '09988.hk', '00998.hk']
2025-05-28 22:34:33,228 - INFO - Starting to fetch data for 8 stocks, periods: ['1', '5', '15', '30']
2025-05-28 22:34:33,229 - INFO - Fetching US daily data for MSFT ...
2025-05-28 22:34:37,743 - INFO - Fetching US minute data for 105.msft ...
2025-05-28 22:34:39,991 - INFO - Fetching US minute data for 105.MSFT ...
2025-05-28 22:34:42,927 - INFO - Data for 105.MSFT saved to output_V4/US/105.MSFT_US_minute_data_20250528_223442_V4.xlsx
2025-05-28 22:34:42,927 - INFO - Fetching US daily data for AAPL ...
2025-05-28 22:34:46,028 - INFO - Fetching US minute data for 105.aapl ...
2025-05-28 22:34:48,177 - INFO - Fetching US minute data for 105.AAPL ...
2025-05-28 22:34:50,968 - INFO - Data for 105.AAPL saved to output_V4/US/105.AAPL_US_minute_data_20250528_223450_V4.xlsx
2025-05-28 22:34:50,968 - INFO - Fetching US daily data for TSM ...
2025-05-28 22:34:54,214 - INFO - Fetching US minute data for 106.tsm ...
2025-05-28 22:34:56,242 - INFO - Fetching US minute data for 106.TSM ...
2025-05-28 22:34:59,090 - INFO - Data for 106.TSM saved to output_V4/US/106.TSM_US_minute_data_20250528_223458_V4.xlsx
2025-05-28 22:34:59,090 - INFO - Fetching CN daily data for 600536 ...
2025-05-28 22:35:01,798 - INFO - Fetching CN minute data for 600536 period=1...
2025-05-28 22:35:03,781 - INFO - Fetching CN minute data for 600536 period=5...
2025-05-28 22:35:05,838 - INFO - Fetching CN minute data for 600536 period=15...
2025-05-28 22:35:07,736 - INFO - Fetching CN minute data for 600536 period=30...
2025-05-28 22:35:09,887 - INFO - Data for 600536.sh saved to output_V4/CN/600536.sh_CN_minute_data_20250528_223509_V4.xlsx
2025-05-28 22:35:11,713 - INFO - 资金流向已保存到 output_V4/proceeded/CN/600536.sh_CN_fund_flow_20250528_223511_V4.xlsx
2025-05-28 22:35:11,713 - INFO - Fetching CN daily data for 600309 ...
2025-05-28 22:35:14,309 - INFO - Fetching CN minute data for 600309 period=1...
2025-05-28 22:35:16,322 - INFO - Fetching CN minute data for 600309 period=5...
2025-05-28 22:35:18,399 - INFO - Fetching CN minute data for 600309 period=15...
2025-05-28 22:35:20,830 - INFO - Fetching CN minute data for 600309 period=30...
2025-05-28 22:35:23,073 - INFO - Data for 600309.sh saved to output_V4/CN/600309.sh_CN_minute_data_20250528_223522_V4.xlsx
2025-05-28 22:35:24,661 - INFO - 资金流向已保存到 output_V4/proceeded/CN/600309.sh_CN_fund_flow_20250528_223524_V4.xlsx
2025-05-28 22:35:24,661 - INFO - Fetching CN daily data for 601998 ...
2025-05-28 22:35:26,962 - INFO - Fetching CN minute data for 601998 period=1...
2025-05-28 22:35:28,846 - INFO - Fetching CN minute data for 601998 period=5...
2025-05-28 22:35:30,916 - INFO - Fetching CN minute data for 601998 period=15...
2025-05-28 22:35:33,429 - INFO - Fetching CN minute data for 601998 period=30...
2025-05-28 22:35:35,627 - INFO - Data for 601998.sh saved to output_V4/CN/601998.sh_CN_minute_data_20250528_223535_V4.xlsx
2025-05-28 22:35:37,425 - INFO - 资金流向已保存到 output_V4/proceeded/CN/601998.sh_CN_fund_flow_20250528_223537_V4.xlsx
2025-05-28 22:35:37,425 - INFO - Fetching HK daily data for 09988 ...
2025-05-28 22:35:40,102 - INFO - Fetching HK minute data for 09988 period=1...
2025-05-28 22:35:43,230 - INFO - Fetching HK minute data for 09988 period=5...
2025-05-28 22:35:45,145 - INFO - Fetching HK minute data for 09988 period=15...
2025-05-28 22:35:46,945 - INFO - Fetching HK minute data for 09988 period=30...
2025-05-28 22:35:48,788 - INFO - Data for 09988.hk saved to output_V4/HK/09988.hk_HK_minute_data_20250528_223548_V4.xlsx
2025-05-28 22:35:48,788 - INFO - Fetching HK daily data for 00998 ...
2025-05-28 22:35:51,251 - INFO - Fetching HK minute data for 00998 period=1...
2025-05-28 22:35:53,774 - INFO - Fetching HK minute data for 00998 period=5...
2025-05-28 22:35:55,606 - INFO - Fetching HK minute data for 00998 period=15...
2025-05-28 22:35:57,412 - INFO - Fetching HK minute data for 00998 period=30...
2025-05-28 22:35:59,569 - INFO - Data for 00998.hk saved to output_V4/HK/00998.hk_HK_minute_data_20250528_223559_V4.xlsx
