2025-05-12 19:09:29,123 - INFO - Loaded symbols: ['105.MSFT', '106.TSM', '09988.hk', '00998.hk', '600536.sh', '600309.sh', '601998.sh']
2025-05-12 19:09:31,109 - INFO - Starting to fetch data for 7 stocks, periods: ['1', '5', '15', '30']
2025-05-12 19:09:31,110 - INFO - Fetching US daily data for MSFT ...
2025-05-12 19:09:37,562 - INFO - Fetching US minute data for 105.msft ...
2025-05-12 19:09:40,037 - INFO - Fetching US minute data for 105.MSFT ...
2025-05-12 19:09:43,311 - INFO - Data for 105.MSFT saved to output_V4/US/105.MSFT_US_minute_data_20250512_190942_V4.xlsx
2025-05-12 19:09:43,311 - INFO - Fetching US daily data for TSM ...
2025-05-12 19:09:48,013 - INFO - Fetching US minute data for 106.tsm ...
2025-05-12 19:09:51,921 - INFO - Fetching US minute data for 106.TSM ...
2025-05-12 19:09:55,131 - INFO - Data for 106.TSM saved to output_V4/US/106.TSM_US_minute_data_20250512_190954_V4.xlsx
2025-05-12 19:09:55,131 - INFO - Fetching HK daily data for 09988 ...
2025-05-12 19:09:57,969 - INFO - Fetching HK minute data for 09988 period=1...
2025-05-12 19:10:00,798 - INFO - Fetching HK minute data for 09988 period=5...
2025-05-12 19:10:03,776 - INFO - Fetching HK minute data for 09988 period=15...
2025-05-12 19:10:05,845 - INFO - Fetching HK minute data for 09988 period=30...
2025-05-12 19:10:08,310 - INFO - Data for 09988.hk saved to output_V4/HK/09988.hk_HK_minute_data_20250512_191007_V4.xlsx
2025-05-12 19:10:08,311 - INFO - Fetching HK daily data for 00998 ...
2025-05-12 19:10:10,786 - INFO - Fetching HK minute data for 00998 period=1...
2025-05-12 19:10:13,190 - INFO - Fetching HK minute data for 00998 period=5...
2025-05-12 19:10:16,104 - INFO - Fetching HK minute data for 00998 period=15...
2025-05-12 19:10:18,485 - INFO - Fetching HK minute data for 00998 period=30...
2025-05-12 19:10:21,554 - INFO - Data for 00998.hk saved to output_V4/HK/00998.hk_HK_minute_data_20250512_191021_V4.xlsx
2025-05-12 19:10:21,554 - INFO - Fetching CN daily data for 600536 ...
2025-05-12 19:10:26,822 - INFO - Fetching CN minute data for 600536 period=1...
2025-05-12 19:10:29,754 - INFO - Fetching CN minute data for 600536 period=5...
2025-05-12 19:10:32,477 - INFO - Fetching CN minute data for 600536 period=15...
2025-05-12 19:10:34,771 - INFO - Fetching CN minute data for 600536 period=30...
2025-05-12 19:10:38,600 - INFO - Data for 600536.sh saved to output_V4/CN/600536.sh_CN_minute_data_20250512_191038_V4.xlsx
2025-05-12 19:10:40,656 - INFO - 资金流向已保存到 output_V4/proceeded/CN/600536.sh_CN_fund_flow_20250512_191040_V4.xlsx
2025-05-12 19:10:40,656 - INFO - Fetching CN daily data for 600309 ...
2025-05-12 19:10:43,918 - INFO - Fetching CN minute data for 600309 period=1...
2025-05-12 19:10:46,155 - INFO - Fetching CN minute data for 600309 period=5...
2025-05-12 19:10:48,767 - INFO - Fetching CN minute data for 600309 period=15...
2025-05-12 19:10:50,798 - INFO - Fetching CN minute data for 600309 period=30...
2025-05-12 19:10:53,730 - INFO - Data for 600309.sh saved to output_V4/CN/600309.sh_CN_minute_data_20250512_191053_V4.xlsx
2025-05-12 19:10:56,028 - INFO - 资金流向已保存到 output_V4/proceeded/CN/600309.sh_CN_fund_flow_20250512_191056_V4.xlsx
2025-05-12 19:10:56,028 - INFO - Fetching CN daily data for 601998 ...
2025-05-12 19:10:59,068 - INFO - Fetching CN minute data for 601998 period=1...
2025-05-12 19:11:09,262 - INFO - Fetching CN minute data for 601998 period=5...
2025-05-12 19:11:11,794 - INFO - Fetching CN minute data for 601998 period=15...
2025-05-12 19:11:14,275 - INFO - Fetching CN minute data for 601998 period=30...
2025-05-12 19:11:18,403 - INFO - Data for 601998.sh saved to output_V4/CN/601998.sh_CN_minute_data_20250512_191117_V4.xlsx
2025-05-12 19:11:20,896 - INFO - 资金流向已保存到 output_V4/proceeded/CN/601998.sh_CN_fund_flow_20250512_191120_V4.xlsx
