2025-06-05 17:40:35,511 - INFO - Loaded symbols: ['600536.sh', '600309.sh', '601998.sh', '09988.hk', '00998.hk']
2025-06-05 17:40:38,076 - INFO - Starting to fetch data for 5 stocks, periods: ['1', '5', '15', '30']
2025-06-05 17:40:38,076 - INFO - Fetching CN daily data for 600536 ...
2025-06-05 17:40:41,001 - INFO - Fetching CN minute data for 600536 period=1...
2025-06-05 17:40:43,160 - INFO - Fetching CN minute data for 600536 period=5...
2025-06-05 17:40:45,246 - INFO - Fetching CN minute data for 600536 period=15...
2025-06-05 17:40:47,085 - INFO - Fetching CN minute data for 600536 period=30...
2025-06-05 17:40:49,408 - INFO - Data for 600536.sh saved to output_V4/CN/600536.sh_CN_minute_data_20250605_174048_V4.xlsx
2025-06-05 17:40:51,422 - INFO - 资金流向已保存到 output_V4/proceeded/CN/600536.sh_CN_fund_flow_20250605_174051_V4.xlsx
2025-06-05 17:40:51,422 - INFO - Fetching CN daily data for 600309 ...
2025-06-05 17:40:54,169 - INFO - Fetching CN minute data for 600309 period=1...
2025-06-05 17:40:56,426 - INFO - Fetching CN minute data for 600309 period=5...
2025-06-05 17:40:58,550 - INFO - Fetching CN minute data for 600309 period=15...
2025-06-05 17:41:00,577 - INFO - Fetching CN minute data for 600309 period=30...
2025-06-05 17:41:03,097 - INFO - Data for 600309.sh saved to output_V4/CN/600309.sh_CN_minute_data_20250605_174102_V4.xlsx
2025-06-05 17:41:05,075 - INFO - 资金流向已保存到 output_V4/proceeded/CN/600309.sh_CN_fund_flow_20250605_174105_V4.xlsx
2025-06-05 17:41:05,075 - INFO - Fetching CN daily data for 601998 ...
2025-06-05 17:41:07,824 - INFO - Fetching CN minute data for 601998 period=1...
2025-06-05 17:41:09,830 - INFO - Fetching CN minute data for 601998 period=5...
2025-06-05 17:41:12,135 - INFO - Fetching CN minute data for 601998 period=15...
2025-06-05 17:41:14,172 - INFO - Fetching CN minute data for 601998 period=30...
2025-06-05 17:41:16,690 - INFO - Data for 601998.sh saved to output_V4/CN/601998.sh_CN_minute_data_20250605_174116_V4.xlsx
2025-06-05 17:41:18,685 - INFO - 资金流向已保存到 output_V4/proceeded/CN/601998.sh_CN_fund_flow_20250605_174118_V4.xlsx
2025-06-05 17:41:18,685 - INFO - Fetching HK daily data for 09988 ...
2025-06-05 17:41:21,095 - INFO - Fetching HK minute data for 09988 period=1...
2025-06-05 17:41:23,500 - INFO - Fetching HK minute data for 09988 period=5...
2025-06-05 17:41:25,799 - INFO - Fetching HK minute data for 09988 period=15...
2025-06-05 17:41:27,689 - INFO - Fetching HK minute data for 09988 period=30...
2025-06-05 17:41:29,694 - INFO - Data for 09988.hk saved to output_V4/HK/09988.hk_HK_minute_data_20250605_174129_V4.xlsx
2025-06-05 17:41:29,694 - INFO - Fetching HK daily data for 00998 ...
2025-06-05 17:41:32,243 - INFO - Fetching HK minute data for 00998 period=1...
2025-06-05 17:41:34,471 - INFO - Fetching HK minute data for 00998 period=5...
2025-06-05 17:41:36,724 - INFO - Fetching HK minute data for 00998 period=15...
2025-06-05 17:41:38,768 - INFO - Fetching HK minute data for 00998 period=30...
2025-06-05 17:41:41,118 - INFO - Data for 00998.hk saved to output_V4/HK/00998.hk_HK_minute_data_20250605_174140_V4.xlsx
