2025-05-12 11:10:41,506 - INFO - Loaded symbols: ['105.MSFT', '106.TSM', '09988.hk', '00998.hk', '600536.sh', '600309.sh', '601998.sh']
2025-05-12 11:10:43,337 - INFO - Starting to fetch data for 7 stocks, periods: ['1', '5', '15', '30']
2025-05-12 11:10:43,338 - INFO - Fetching US daily data for MSFT ...
2025-05-12 11:10:48,073 - INFO - Fetching US minute data for 105.msft ...
2025-05-12 11:10:50,467 - INFO - Fetching US minute data for 105.MSFT ...
2025-05-12 11:10:54,705 - INFO - Data for 105.MSFT saved to output_V4/US/105.MSFT_US_minute_data_20250512_111054_V4.xlsx
2025-05-12 11:10:54,705 - INFO - Fetching US daily data for TSM ...
2025-05-12 11:10:58,456 - INFO - Fetching US minute data for 106.tsm ...
2025-05-12 11:11:01,915 - INFO - Fetching US minute data for 106.TSM ...
2025-05-12 11:11:05,339 - INFO - Data for 106.TSM saved to output_V4/US/106.TSM_US_minute_data_20250512_111105_V4.xlsx
2025-05-12 11:11:05,339 - INFO - Fetching HK daily data for 09988 ...
2025-05-12 11:11:07,738 - INFO - Fetching HK minute data for 09988 period=1...
2025-05-12 11:11:10,134 - INFO - Fetching HK minute data for 09988 period=5...
2025-05-12 11:11:12,424 - INFO - Fetching HK minute data for 09988 period=15...
2025-05-12 11:11:14,543 - INFO - Fetching HK minute data for 09988 period=30...
2025-05-12 11:11:17,423 - INFO - Data for 09988.hk saved to output_V4/HK/09988.hk_HK_minute_data_20250512_111117_V4.xlsx
2025-05-12 11:11:17,423 - INFO - Fetching HK daily data for 00998 ...
2025-05-12 11:11:19,805 - INFO - Fetching HK minute data for 00998 period=1...
2025-05-12 11:11:25,414 - INFO - Fetching HK minute data for 00998 period=5...
2025-05-12 11:11:27,862 - INFO - Fetching HK minute data for 00998 period=15...
2025-05-12 11:11:29,973 - INFO - Fetching HK minute data for 00998 period=30...
2025-05-12 11:11:32,396 - INFO - Data for 00998.hk saved to output_V4/HK/00998.hk_HK_minute_data_20250512_111131_V4.xlsx
2025-05-12 11:11:32,397 - INFO - Fetching CN daily data for 600536 ...
2025-05-12 11:11:36,349 - INFO - Fetching CN minute data for 600536 period=1...
2025-05-12 11:11:38,759 - INFO - Fetching CN minute data for 600536 period=5...
2025-05-12 11:11:41,070 - INFO - Fetching CN minute data for 600536 period=15...
2025-05-12 11:11:44,459 - INFO - Fetching CN minute data for 600536 period=30...
2025-05-12 11:11:46,961 - INFO - Data for 600536.sh saved to output_V4/CN/600536.sh_CN_minute_data_20250512_111146_V4.xlsx
2025-05-12 11:11:49,419 - INFO - 资金流向已保存到 output_V4/proceeded/CN/600536.sh_CN_fund_flow_20250512_111149_V4.xlsx
2025-05-12 11:11:49,419 - INFO - Fetching CN daily data for 600309 ...
2025-05-12 11:11:52,695 - INFO - Fetching CN minute data for 600309 period=1...
2025-05-12 11:11:54,932 - INFO - Fetching CN minute data for 600309 period=5...
2025-05-12 11:11:57,329 - INFO - Fetching CN minute data for 600309 period=15...
2025-05-12 11:11:59,583 - INFO - Fetching CN minute data for 600309 period=30...
2025-05-12 11:12:02,124 - INFO - Data for 600309.sh saved to output_V4/CN/600309.sh_CN_minute_data_20250512_111201_V4.xlsx
2025-05-12 11:12:05,357 - INFO - 资金流向已保存到 output_V4/proceeded/CN/600309.sh_CN_fund_flow_20250512_111205_V4.xlsx
2025-05-12 11:12:05,357 - INFO - Fetching CN daily data for 601998 ...
2025-05-12 11:12:09,530 - INFO - Fetching CN minute data for 601998 period=1...
2025-05-12 11:12:14,136 - INFO - Fetching CN minute data for 601998 period=5...
2025-05-12 11:12:17,358 - INFO - Fetching CN minute data for 601998 period=15...
2025-05-12 11:12:19,526 - INFO - Fetching CN minute data for 601998 period=30...
2025-05-12 11:12:23,652 - INFO - Data for 601998.sh saved to output_V4/CN/601998.sh_CN_minute_data_20250512_111223_V4.xlsx
2025-05-12 11:12:25,768 - INFO - 资金流向已保存到 output_V4/proceeded/CN/601998.sh_CN_fund_flow_20250512_111225_V4.xlsx
