2025-05-27 13:51:55,837 - INFO - Loaded symbols: ['105.MSFT', '105.AAPL', '106.TSM', '600536.sh', '600309.sh', '601998.sh', '09988.hk', '00998.hk']
2025-05-27 13:51:58,067 - INFO - Starting to fetch data for 8 stocks, periods: ['1', '5', '15', '30']
2025-05-27 13:51:58,067 - INFO - Fetching US daily data for MSFT ...
2025-05-27 13:52:03,714 - INFO - Fetching US minute data for 105.msft ...
2025-05-27 13:52:08,895 - INFO - Fetching US minute data for 105.MSFT ...
2025-05-27 13:52:13,062 - INFO - Data for 105.MSFT saved to output_V4/US/105.MSFT_US_minute_data_20250527_135212_V4.xlsx
2025-05-27 13:52:13,062 - INFO - Fetching US daily data for AAPL ...
2025-05-27 13:52:19,005 - INFO - Fetching US minute data for 105.aapl ...
2025-05-27 13:52:22,541 - INFO - Fetching US minute data for 105.AAPL ...
2025-05-27 13:52:26,951 - INFO - Data for 105.AAPL saved to output_V4/US/105.AAPL_US_minute_data_20250527_135226_V4.xlsx
2025-05-27 13:52:26,951 - INFO - Fetching US daily data for TSM ...
2025-05-27 13:52:30,675 - INFO - Fetching US minute data for 106.tsm ...
2025-05-27 13:52:34,415 - INFO - Fetching US minute data for 106.TSM ...
2025-05-27 13:52:37,957 - INFO - Data for 106.TSM saved to output_V4/US/106.TSM_US_minute_data_20250527_135237_V4.xlsx
2025-05-27 13:52:37,957 - INFO - Fetching CN daily data for 600536 ...
2025-05-27 13:52:46,117 - INFO - Fetching CN minute data for 600536 period=1...
2025-05-27 13:52:48,408 - INFO - Fetching CN minute data for 600536 period=5...
2025-05-27 13:52:52,662 - INFO - Fetching CN minute data for 600536 period=15...
2025-05-27 13:52:56,438 - INFO - Fetching CN minute data for 600536 period=30...
2025-05-27 13:52:59,716 - INFO - Data for 600536.sh saved to output_V4/CN/600536.sh_CN_minute_data_20250527_135259_V4.xlsx
2025-05-27 13:53:01,830 - INFO - 资金流向已保存到 output_V4/proceeded/CN/600536.sh_CN_fund_flow_20250527_135301_V4.xlsx
2025-05-27 13:53:01,831 - INFO - Fetching CN daily data for 600309 ...
2025-05-27 13:53:05,539 - INFO - Fetching CN minute data for 600309 period=1...
2025-05-27 13:53:09,718 - INFO - Fetching CN minute data for 600309 period=5...
2025-05-27 13:53:13,997 - INFO - Fetching CN minute data for 600309 period=15...
2025-05-27 13:53:17,542 - INFO - Fetching CN minute data for 600309 period=30...
2025-05-27 13:53:20,872 - INFO - Data for 600309.sh saved to output_V4/CN/600309.sh_CN_minute_data_20250527_135320_V4.xlsx
2025-05-27 13:53:31,236 - INFO - 资金流向已保存到 output_V4/proceeded/CN/600309.sh_CN_fund_flow_20250527_135331_V4.xlsx
2025-05-27 13:53:31,236 - INFO - Fetching CN daily data for 601998 ...
2025-05-27 13:53:35,034 - INFO - Fetching CN minute data for 601998 period=1...
2025-05-27 13:53:37,908 - INFO - Fetching CN minute data for 601998 period=5...
2025-05-27 13:53:42,681 - INFO - Fetching CN minute data for 601998 period=15...
2025-05-27 13:53:44,799 - INFO - Fetching CN minute data for 601998 period=30...
2025-05-27 13:53:47,507 - INFO - Data for 601998.sh saved to output_V4/CN/601998.sh_CN_minute_data_20250527_135346_V4.xlsx
2025-05-27 13:53:49,743 - INFO - 资金流向已保存到 output_V4/proceeded/CN/601998.sh_CN_fund_flow_20250527_135349_V4.xlsx
2025-05-27 13:53:49,744 - INFO - Fetching HK daily data for 09988 ...
2025-05-27 13:53:53,929 - INFO - Fetching HK minute data for 09988 period=1...
2025-05-27 13:53:57,214 - INFO - Fetching HK minute data for 09988 period=5...
2025-05-27 13:54:02,419 - INFO - Fetching HK minute data for 09988 period=15...
2025-05-27 13:54:05,880 - INFO - Fetching HK minute data for 09988 period=30...
2025-05-27 13:54:08,599 - INFO - Data for 09988.hk saved to output_V4/HK/09988.hk_HK_minute_data_20250527_135408_V4.xlsx
2025-05-27 13:54:08,599 - INFO - Fetching HK daily data for 00998 ...
2025-05-27 13:54:11,998 - INFO - Fetching HK minute data for 00998 period=1...
2025-05-27 13:54:16,896 - INFO - Fetching HK minute data for 00998 period=5...
2025-05-27 13:54:22,266 - INFO - Fetching HK minute data for 00998 period=15...
2025-05-27 13:54:26,185 - INFO - Fetching HK minute data for 00998 period=30...
2025-05-27 13:54:30,119 - INFO - Data for 00998.hk saved to output_V4/HK/00998.hk_HK_minute_data_20250527_135429_V4.xlsx
