2025-05-31 18:12:17,822 - INFO - Loaded symbols: ['105.MSFT', '105.AAPL', '106.TSM', '105.QQQ', '105.IBIT']
2025-05-31 18:12:17,823 - INFO - Starting to fetch data for 5 stocks, periods: ['1', '5', '15', '30']
2025-05-31 18:12:17,823 - INFO - Fetching US daily data for MSFT ...
2025-05-31 18:12:21,325 - INFO - Fetching US minute data for 105.msft ...
2025-05-31 18:12:23,374 - INFO - Fetching US minute data for 105.MSFT ...
2025-05-31 18:12:26,079 - INFO - Data for 105.MSFT saved to output_V4/US/105.MSFT_US_minute_data_20250531_181225_V4.xlsx
2025-05-31 18:12:26,079 - INFO - Fetching US daily data for AAPL ...
2025-05-31 18:12:29,302 - INFO - Fetching US minute data for 105.aapl ...
2025-05-31 18:12:31,053 - INFO - Fetching US minute data for 105.AAPL ...
2025-05-31 18:12:33,799 - INFO - Data for 105.AAPL saved to output_V4/US/105.AAPL_US_minute_data_20250531_181233_V4.xlsx
2025-05-31 18:12:33,799 - INFO - Fetching US daily data for TSM ...
2025-05-31 18:12:36,966 - INFO - Fetching US minute data for 106.tsm ...
2025-05-31 18:12:38,836 - INFO - Fetching US minute data for 106.TSM ...
2025-05-31 18:12:41,051 - INFO - Data for 106.TSM saved to output_V4/US/106.TSM_US_minute_data_20250531_181240_V4.xlsx
2025-05-31 18:12:41,051 - INFO - Fetching US daily data for QQQ ...
2025-05-31 18:12:44,308 - INFO - Fetching US minute data for 105.qqq ...
2025-05-31 18:12:46,185 - INFO - Fetching US minute data for 105.QQQ ...
2025-05-31 18:12:48,355 - INFO - Data for 105.QQQ saved to output_V4/US/105.QQQ_US_minute_data_20250531_181248_V4.xlsx
2025-05-31 18:12:48,355 - INFO - Fetching US daily data for IBIT ...
2025-05-31 18:12:50,872 - INFO - Fetching US minute data for 105.ibit ...
2025-05-31 18:12:52,732 - INFO - Fetching US minute data for 105.IBIT ...
2025-05-31 18:13:08,123 - ERROR - Error fetching US data for 105.IBIT: HTTPSConnectionPool(host='push2his.eastmoney.com', port=443): Read timed out. (read timeout=15)
2025-05-31 18:13:08,315 - INFO - Data for 105.IBIT saved to output_V4/US/105.IBIT_US_minute_data_20250531_181308_V4.xlsx
