2025-07-28 11:01:18,034 - INFO - Loaded symbols: ['600536.sh', '600309.sh', '601998.sh', '09988.hk', '00998.hk', '01919.hk']
2025-07-28 11:01:20,414 - INFO - Starting to fetch data for 6 stocks, periods: ['1', '5', '15', '30']
2025-07-28 11:01:20,414 - INFO - Fetching CN daily data for 600536 ...
2025-07-28 11:01:23,847 - INFO - Fetching CN minute data for 600536 period=1...
2025-07-28 11:01:29,134 - INFO - Fetching CN minute data for 600536 period=5...
2025-07-28 11:01:32,881 - INFO - Fetching CN minute data for 600536 period=15...
2025-07-28 11:01:35,247 - INFO - Fetching CN minute data for 600536 period=30...
2025-07-28 11:01:38,927 - INFO - Data for 600536.sh saved to output_V4/CN/600536.sh_CN_minute_data_20250728_110138_V4.xlsx
2025-07-28 11:01:41,811 - INFO - 资金流向已保存到 output_V4/proceeded/CN/600536.sh_CN_fund_flow_20250728_110141_V4.xlsx
2025-07-28 11:01:41,811 - INFO - Fetching CN daily data for 600309 ...
2025-07-28 11:01:45,318 - INFO - Fetching CN minute data for 600309 period=1...
2025-07-28 11:01:47,857 - INFO - Fetching CN minute data for 600309 period=5...
2025-07-28 11:01:51,980 - INFO - Fetching CN minute data for 600309 period=15...
2025-07-28 11:01:54,091 - INFO - Fetching CN minute data for 600309 period=30...
2025-07-28 11:01:57,402 - INFO - Data for 600309.sh saved to output_V4/CN/600309.sh_CN_minute_data_20250728_110156_V4.xlsx
2025-07-28 11:02:00,277 - INFO - 资金流向已保存到 output_V4/proceeded/CN/600309.sh_CN_fund_flow_20250728_110200_V4.xlsx
2025-07-28 11:02:00,277 - INFO - Fetching CN daily data for 601998 ...
2025-07-28 11:02:03,568 - INFO - Fetching CN minute data for 601998 period=1...
2025-07-28 11:02:06,171 - INFO - Fetching CN minute data for 601998 period=5...
2025-07-28 11:02:08,786 - INFO - Fetching CN minute data for 601998 period=15...
2025-07-28 11:02:11,110 - INFO - Fetching CN minute data for 601998 period=30...
2025-07-28 11:02:13,620 - INFO - Data for 601998.sh saved to output_V4/CN/601998.sh_CN_minute_data_20250728_110213_V4.xlsx
2025-07-28 11:02:16,078 - INFO - 资金流向已保存到 output_V4/proceeded/CN/601998.sh_CN_fund_flow_20250728_110216_V4.xlsx
2025-07-28 11:02:16,079 - INFO - Fetching HK daily data for 09988 ...
2025-07-28 11:02:18,442 - INFO - Fetching HK minute data for 09988 period=1...
2025-07-28 11:02:21,267 - INFO - Fetching HK minute data for 09988 period=5...
2025-07-28 11:02:23,817 - INFO - Fetching HK minute data for 09988 period=15...
2025-07-28 11:02:26,482 - INFO - Fetching HK minute data for 09988 period=30...
2025-07-28 11:02:30,111 - INFO - Data for 09988.hk saved to output_V4/HK/09988.hk_HK_minute_data_20250728_110229_V4.xlsx
2025-07-28 11:02:30,111 - INFO - Fetching HK daily data for 00998 ...
2025-07-28 11:02:33,102 - INFO - Fetching HK minute data for 00998 period=1...
2025-07-28 11:02:35,982 - INFO - Fetching HK minute data for 00998 period=5...
2025-07-28 11:02:38,936 - INFO - Fetching HK minute data for 00998 period=15...
2025-07-28 11:02:42,221 - INFO - Fetching HK minute data for 00998 period=30...
2025-07-28 11:02:46,167 - INFO - Data for 00998.hk saved to output_V4/HK/00998.hk_HK_minute_data_20250728_110245_V4.xlsx
2025-07-28 11:02:46,167 - INFO - Fetching HK daily data for 01919 ...
2025-07-28 11:02:49,508 - INFO - Fetching HK minute data for 01919 period=1...
2025-07-28 11:02:53,087 - INFO - Fetching HK minute data for 01919 period=5...
2025-07-28 11:02:56,013 - INFO - Fetching HK minute data for 01919 period=15...
2025-07-28 11:02:58,923 - INFO - Fetching HK minute data for 01919 period=30...
2025-07-28 11:03:02,653 - INFO - Data for 01919.hk saved to output_V4/HK/01919.hk_HK_minute_data_20250728_110302_V4.xlsx
