2025-05-13 21:03:46,202 - INFO - Loaded symbols: ['105.MSFT', '105.EWJ', '106.TSM', '600536.sh', '600309.sh', '601998.sh', '09988.hk', '00998.hk']
2025-05-13 21:03:48,334 - INFO - Starting to fetch data for 8 stocks, periods: ['1', '5', '15', '30']
2025-05-13 21:03:48,335 - INFO - Fetching US daily data for MSFT ...
2025-05-13 21:03:54,323 - INFO - Fetching US minute data for 105.msft ...
2025-05-13 21:03:56,794 - INFO - Fetching US minute data for 105.MSFT ...
2025-05-13 21:04:00,035 - INFO - Data for 105.MSFT saved to output_V4/US/105.MSFT_US_minute_data_20250513_210359_V4.xlsx
2025-05-13 21:04:00,035 - INFO - Fetching US daily data for EWJ ...
2025-05-13 21:04:03,469 - INFO - Fetching US minute data for 105.ewj ...
2025-05-13 21:04:05,968 - ERROR - Error fetching US data for 105.ewj: 'NoneType' object is not subscriptable
2025-05-13 21:04:05,969 - INFO - Fetching US minute data for 105.EWJ ...
2025-05-13 21:04:08,006 - ERROR - Error fetching US data for 105.EWJ: 'NoneType' object is not subscriptable
2025-05-13 21:04:08,212 - INFO - Data for 105.EWJ saved to output_V4/US/105.EWJ_US_minute_data_20250513_210408_V4.xlsx
2025-05-13 21:04:08,213 - INFO - Fetching US daily data for TSM ...
2025-05-13 21:04:11,441 - INFO - Fetching US minute data for 106.tsm ...
2025-05-13 21:04:14,683 - INFO - Fetching US minute data for 106.TSM ...
2025-05-13 21:04:17,239 - INFO - Data for 106.TSM saved to output_V4/US/106.TSM_US_minute_data_20250513_210416_V4.xlsx
2025-05-13 21:04:17,239 - INFO - Fetching CN daily data for 600536 ...
2025-05-13 21:04:20,098 - INFO - Fetching CN minute data for 600536 period=1...
2025-05-13 21:04:30,331 - INFO - Fetching CN minute data for 600536 period=5...
2025-05-13 21:04:32,720 - INFO - Fetching CN minute data for 600536 period=15...
2025-05-13 21:04:34,747 - INFO - Fetching CN minute data for 600536 period=30...
2025-05-13 21:04:37,317 - INFO - Data for 600536.sh saved to output_V4/CN/600536.sh_CN_minute_data_20250513_210436_V4.xlsx
2025-05-13 21:04:39,367 - INFO - 资金流向已保存到 output_V4/proceeded/CN/600536.sh_CN_fund_flow_20250513_210439_V4.xlsx
2025-05-13 21:04:39,367 - INFO - Fetching CN daily data for 600309 ...
2025-05-13 21:04:41,953 - INFO - Fetching CN minute data for 600309 period=1...
2025-05-13 21:04:44,017 - INFO - Fetching CN minute data for 600309 period=5...
2025-05-13 21:04:46,407 - INFO - Fetching CN minute data for 600309 period=15...
2025-05-13 21:04:48,415 - INFO - Fetching CN minute data for 600309 period=30...
2025-05-13 21:04:51,061 - INFO - Data for 600309.sh saved to output_V4/CN/600309.sh_CN_minute_data_20250513_210450_V4.xlsx
2025-05-13 21:04:53,141 - INFO - 资金流向已保存到 output_V4/proceeded/CN/600309.sh_CN_fund_flow_20250513_210453_V4.xlsx
2025-05-13 21:04:53,141 - INFO - Fetching CN daily data for 601998 ...
2025-05-13 21:04:55,875 - INFO - Fetching CN minute data for 601998 period=1...
2025-05-13 21:04:58,248 - INFO - Fetching CN minute data for 601998 period=5...
2025-05-13 21:05:00,494 - INFO - Fetching CN minute data for 601998 period=15...
2025-05-13 21:05:02,467 - INFO - Fetching CN minute data for 601998 period=30...
2025-05-13 21:05:05,112 - INFO - Data for 601998.sh saved to output_V4/CN/601998.sh_CN_minute_data_20250513_210504_V4.xlsx
2025-05-13 21:05:06,945 - INFO - 资金流向已保存到 output_V4/proceeded/CN/601998.sh_CN_fund_flow_20250513_210506_V4.xlsx
2025-05-13 21:05:06,945 - INFO - Fetching HK daily data for 09988 ...
2025-05-13 21:05:09,203 - INFO - Fetching HK minute data for 09988 period=1...
2025-05-13 21:05:11,452 - INFO - Fetching HK minute data for 09988 period=5...
2025-05-13 21:05:13,744 - INFO - Fetching HK minute data for 09988 period=15...
2025-05-13 21:05:15,735 - INFO - Fetching HK minute data for 09988 period=30...
2025-05-13 21:05:18,108 - INFO - Data for 09988.hk saved to output_V4/HK/09988.hk_HK_minute_data_20250513_210517_V4.xlsx
2025-05-13 21:05:18,108 - INFO - Fetching HK daily data for 00998 ...
2025-05-13 21:05:20,549 - INFO - Fetching HK minute data for 00998 period=1...
2025-05-13 21:05:23,369 - INFO - Fetching HK minute data for 00998 period=5...
2025-05-13 21:05:25,564 - INFO - Fetching HK minute data for 00998 period=15...
2025-05-13 21:05:27,706 - INFO - Fetching HK minute data for 00998 period=30...
2025-05-13 21:05:30,064 - INFO - Data for 00998.hk saved to output_V4/HK/00998.hk_HK_minute_data_20250513_210529_V4.xlsx
