2025-05-22 16:04:58,282 - INFO - Loaded symbols: ['105.MSFT', '105.AAPL', '106.TSM', '600536.sh', '600309.sh', '601998.sh', '09988.hk', '00998.hk']
2025-05-22 16:05:00,055 - INFO - Starting to fetch data for 8 stocks, periods: ['1', '5', '15', '30']
2025-05-22 16:05:00,056 - INFO - Fetching US daily data for MSFT ...
2025-05-22 16:05:02,876 - INFO - Fetching US minute data for 105.msft ...
2025-05-22 16:05:03,903 - INFO - Fetching US minute data for 105.MSFT ...
2025-05-22 16:05:05,769 - INFO - Data for 105.MSFT saved to output_V4/US/105.MSFT_US_minute_data_20250522_160505_V4.xlsx
2025-05-22 16:05:05,769 - INFO - Fetching US daily data for AAPL ...
2025-05-22 16:05:07,346 - INFO - Fetching US minute data for 105.aapl ...
2025-05-22 16:05:11,114 - INFO - Fetching US minute data for 105.AAPL ...
2025-05-22 16:05:14,824 - INFO - Data for 105.AAPL saved to output_V4/US/105.AAPL_US_minute_data_20250522_160514_V4.xlsx
2025-05-22 16:05:14,824 - INFO - Fetching US daily data for TSM ...
2025-05-22 16:05:16,647 - INFO - Fetching US minute data for 106.tsm ...
2025-05-22 16:05:17,654 - INFO - Fetching US minute data for 106.TSM ...
2025-05-22 16:05:19,208 - INFO - Data for 106.TSM saved to output_V4/US/106.TSM_US_minute_data_20250522_160518_V4.xlsx
2025-05-22 16:05:19,208 - INFO - Fetching CN daily data for 600536 ...
2025-05-22 16:05:20,358 - INFO - Fetching CN minute data for 600536 period=1...
2025-05-22 16:05:21,475 - INFO - Fetching CN minute data for 600536 period=5...
2025-05-22 16:05:22,562 - INFO - Fetching CN minute data for 600536 period=15...
2025-05-22 16:05:23,540 - INFO - Fetching CN minute data for 600536 period=30...
2025-05-22 16:05:25,082 - INFO - Data for 600536.sh saved to output_V4/CN/600536.sh_CN_minute_data_20250522_160524_V4.xlsx
2025-05-22 16:05:25,950 - INFO - 资金流向已保存到 output_V4/proceeded/CN/600536.sh_CN_fund_flow_20250522_160525_V4.xlsx
2025-05-22 16:05:25,951 - INFO - Fetching CN daily data for 600309 ...
2025-05-22 16:05:27,137 - INFO - Fetching CN minute data for 600309 period=1...
2025-05-22 16:05:28,174 - INFO - Fetching CN minute data for 600309 period=5...
2025-05-22 16:05:29,178 - INFO - Fetching CN minute data for 600309 period=15...
2025-05-22 16:05:30,151 - INFO - Fetching CN minute data for 600309 period=30...
2025-05-22 16:05:31,671 - INFO - Data for 600309.sh saved to output_V4/CN/600309.sh_CN_minute_data_20250522_160531_V4.xlsx
2025-05-22 16:05:32,722 - INFO - 资金流向已保存到 output_V4/proceeded/CN/600309.sh_CN_fund_flow_20250522_160532_V4.xlsx
2025-05-22 16:05:32,722 - INFO - Fetching CN daily data for 601998 ...
2025-05-22 16:05:33,951 - INFO - Fetching CN minute data for 601998 period=1...
2025-05-22 16:05:35,046 - INFO - Fetching CN minute data for 601998 period=5...
2025-05-22 16:05:37,732 - INFO - Fetching CN minute data for 601998 period=15...
2025-05-22 16:05:38,693 - INFO - Fetching CN minute data for 601998 period=30...
2025-05-22 16:05:40,130 - INFO - Data for 601998.sh saved to output_V4/CN/601998.sh_CN_minute_data_20250522_160539_V4.xlsx
2025-05-22 16:05:40,986 - INFO - 资金流向已保存到 output_V4/proceeded/CN/601998.sh_CN_fund_flow_20250522_160540_V4.xlsx
2025-05-22 16:05:40,986 - INFO - Fetching HK daily data for 09988 ...
2025-05-22 16:05:41,806 - INFO - Fetching HK minute data for 09988 period=1...
2025-05-22 16:05:42,944 - INFO - Fetching HK minute data for 09988 period=5...
2025-05-22 16:05:44,033 - INFO - Fetching HK minute data for 09988 period=15...
2025-05-22 16:05:44,956 - INFO - Fetching HK minute data for 09988 period=30...
2025-05-22 16:05:46,198 - INFO - Data for 09988.hk saved to output_V4/HK/09988.hk_HK_minute_data_20250522_160545_V4.xlsx
2025-05-22 16:05:46,199 - INFO - Fetching HK daily data for 00998 ...
2025-05-22 16:05:47,178 - INFO - Fetching HK minute data for 00998 period=1...
2025-05-22 16:05:48,355 - INFO - Fetching HK minute data for 00998 period=5...
2025-05-22 16:05:49,322 - INFO - Fetching HK minute data for 00998 period=15...
2025-05-22 16:05:50,244 - INFO - Fetching HK minute data for 00998 period=30...
2025-05-22 16:05:51,681 - INFO - Data for 00998.hk saved to output_V4/HK/00998.hk_HK_minute_data_20250522_160551_V4.xlsx
