2025-06-02 22:35:19,938 - INFO - Loaded symbols: ['105.VOO', '105.QQQ', '105.IWM', '105.TLT', '105.IEF', '105.BND', '105.GLD', '105.BCI', '105.USO', '105.EWJ', '105.EFA', '105.XLK', '105.XLF', '105.XLY', '105.SPLV', '105.VYM', '105.DVY']
2025-06-02 22:35:19,938 - INFO - Starting to fetch data for 17 stocks, periods: ['1', '5', '15', '30']
2025-06-02 22:35:19,938 - INFO - Fetching US daily data for VOO ...
2025-06-02 22:35:25,334 - INFO - Fetching US minute data for 105.voo ...
2025-06-02 22:35:27,160 - ERROR - Error fetching US data for 105.voo: 'NoneType' object is not subscriptable
2025-06-02 22:35:27,162 - INFO - Fetching US minute data for 105.VOO ...
2025-06-02 22:35:29,210 - ERROR - Error fetching US data for 105.VOO: 'NoneType' object is not subscriptable
2025-06-02 22:35:29,616 - INFO - Data for 105.VOO saved to output_V4/US/105.VOO_US_minute_data_20250602_223529_V4.xlsx
2025-06-02 22:35:29,616 - INFO - Fetching US daily data for QQQ ...
2025-06-02 22:35:33,016 - INFO - Fetching US minute data for 105.qqq ...
2025-06-02 22:35:36,321 - INFO - Fetching US minute data for 105.QQQ ...
2025-06-02 22:35:39,036 - INFO - Data for 105.QQQ saved to output_V4/US/105.QQQ_US_minute_data_20250602_223538_V4.xlsx
2025-06-02 22:35:39,036 - INFO - Fetching US daily data for IWM ...
2025-06-02 22:35:42,101 - INFO - Fetching US minute data for 105.iwm ...
2025-06-02 22:35:44,033 - ERROR - Error fetching US data for 105.iwm: 'NoneType' object is not subscriptable
2025-06-02 22:35:44,035 - INFO - Fetching US minute data for 105.IWM ...
2025-06-02 22:35:45,999 - ERROR - Error fetching US data for 105.IWM: 'NoneType' object is not subscriptable
2025-06-02 22:35:46,194 - INFO - Data for 105.IWM saved to output_V4/US/105.IWM_US_minute_data_20250602_223546_V4.xlsx
2025-06-02 22:35:46,194 - INFO - Fetching US daily data for TLT ...
2025-06-02 22:35:49,446 - INFO - Fetching US minute data for 105.tlt ...
2025-06-02 22:35:51,631 - INFO - Fetching US minute data for 105.TLT ...
2025-06-02 22:35:54,105 - INFO - Data for 105.TLT saved to output_V4/US/105.TLT_US_minute_data_20250602_223553_V4.xlsx
2025-06-02 22:35:54,106 - INFO - Fetching US daily data for IEF ...
2025-06-02 22:35:57,318 - INFO - Fetching US minute data for 105.ief ...
2025-06-02 22:35:59,812 - INFO - Fetching US minute data for 105.IEF ...
2025-06-02 22:36:02,341 - INFO - Data for 105.IEF saved to output_V4/US/105.IEF_US_minute_data_20250602_223602_V4.xlsx
2025-06-02 22:36:02,341 - INFO - Fetching US daily data for BND ...
2025-06-02 22:36:05,340 - INFO - Fetching US minute data for 105.bnd ...
2025-06-02 22:36:07,366 - INFO - Fetching US minute data for 105.BND ...
2025-06-02 22:36:09,975 - INFO - Data for 105.BND saved to output_V4/US/105.BND_US_minute_data_20250602_223609_V4.xlsx
2025-06-02 22:36:09,975 - INFO - Fetching US daily data for GLD ...
2025-06-02 22:36:13,921 - INFO - Fetching US minute data for 105.gld ...
2025-06-02 22:36:15,752 - ERROR - Error fetching US data for 105.gld: 'NoneType' object is not subscriptable
2025-06-02 22:36:15,754 - INFO - Fetching US minute data for 105.GLD ...
2025-06-02 22:36:17,463 - ERROR - Error fetching US data for 105.GLD: 'NoneType' object is not subscriptable
2025-06-02 22:36:17,674 - INFO - Data for 105.GLD saved to output_V4/US/105.GLD_US_minute_data_20250602_223617_V4.xlsx
2025-06-02 22:36:17,674 - INFO - Fetching US daily data for BCI ...
2025-06-02 22:36:20,812 - INFO - Fetching US minute data for 105.bci ...
2025-06-02 22:36:22,519 - ERROR - Error fetching US data for 105.bci: 'NoneType' object is not subscriptable
2025-06-02 22:36:22,521 - INFO - Fetching US minute data for 105.BCI ...
2025-06-02 22:36:24,502 - ERROR - Error fetching US data for 105.BCI: 'NoneType' object is not subscriptable
2025-06-02 22:36:24,609 - INFO - Data for 105.BCI saved to output_V4/US/105.BCI_US_minute_data_20250602_223624_V4.xlsx
2025-06-02 22:36:24,609 - INFO - Fetching US daily data for USO ...
2025-06-02 22:36:30,214 - INFO - Fetching US minute data for 105.uso ...
2025-06-02 22:36:32,167 - ERROR - Error fetching US data for 105.uso: 'NoneType' object is not subscriptable
2025-06-02 22:36:32,169 - INFO - Fetching US minute data for 105.USO ...
2025-06-02 22:36:34,001 - ERROR - Error fetching US data for 105.USO: 'NoneType' object is not subscriptable
2025-06-02 22:36:34,209 - INFO - Data for 105.USO saved to output_V4/US/105.USO_US_minute_data_20250602_223634_V4.xlsx
2025-06-02 22:36:34,209 - INFO - Fetching US daily data for EWJ ...
2025-06-02 22:36:37,617 - INFO - Fetching US minute data for 105.ewj ...
2025-06-02 22:36:39,567 - ERROR - Error fetching US data for 105.ewj: 'NoneType' object is not subscriptable
2025-06-02 22:36:39,569 - INFO - Fetching US minute data for 105.EWJ ...
2025-06-02 22:36:41,418 - ERROR - Error fetching US data for 105.EWJ: 'NoneType' object is not subscriptable
2025-06-02 22:36:41,670 - INFO - Data for 105.EWJ saved to output_V4/US/105.EWJ_US_minute_data_20250602_223641_V4.xlsx
2025-06-02 22:36:41,670 - INFO - Fetching US daily data for EFA ...
2025-06-02 22:36:45,893 - INFO - Fetching US minute data for 105.efa ...
2025-06-02 22:36:47,869 - ERROR - Error fetching US data for 105.efa: 'NoneType' object is not subscriptable
2025-06-02 22:36:47,871 - INFO - Fetching US minute data for 105.EFA ...
2025-06-02 22:36:49,761 - ERROR - Error fetching US data for 105.EFA: 'NoneType' object is not subscriptable
2025-06-02 22:36:49,977 - INFO - Data for 105.EFA saved to output_V4/US/105.EFA_US_minute_data_20250602_223649_V4.xlsx
2025-06-02 22:36:49,977 - INFO - Fetching US daily data for XLK ...
2025-06-02 22:36:53,393 - INFO - Fetching US minute data for 105.xlk ...
2025-06-02 22:36:55,395 - ERROR - Error fetching US data for 105.xlk: 'NoneType' object is not subscriptable
2025-06-02 22:36:55,397 - INFO - Fetching US minute data for 105.XLK ...
2025-06-02 22:36:57,291 - ERROR - Error fetching US data for 105.XLK: 'NoneType' object is not subscriptable
2025-06-02 22:36:57,500 - INFO - Data for 105.XLK saved to output_V4/US/105.XLK_US_minute_data_20250602_223657_V4.xlsx
2025-06-02 22:36:57,500 - INFO - Fetching US daily data for XLF ...
2025-06-02 22:37:01,012 - INFO - Fetching US minute data for 105.xlf ...
2025-06-02 22:37:03,026 - ERROR - Error fetching US data for 105.xlf: 'NoneType' object is not subscriptable
2025-06-02 22:37:03,028 - INFO - Fetching US minute data for 105.XLF ...
2025-06-02 22:37:04,979 - ERROR - Error fetching US data for 105.XLF: 'NoneType' object is not subscriptable
2025-06-02 22:37:05,249 - INFO - Data for 105.XLF saved to output_V4/US/105.XLF_US_minute_data_20250602_223704_V4.xlsx
2025-06-02 22:37:05,249 - INFO - Fetching US daily data for XLY ...
2025-06-02 22:37:09,843 - INFO - Fetching US minute data for 105.xly ...
2025-06-02 22:37:11,862 - ERROR - Error fetching US data for 105.xly: 'NoneType' object is not subscriptable
2025-06-02 22:37:11,864 - INFO - Fetching US minute data for 105.XLY ...
2025-06-02 22:37:13,832 - ERROR - Error fetching US data for 105.XLY: 'NoneType' object is not subscriptable
2025-06-02 22:37:14,045 - INFO - Data for 105.XLY saved to output_V4/US/105.XLY_US_minute_data_20250602_223713_V4.xlsx
2025-06-02 22:37:14,045 - INFO - Fetching US daily data for SPLV ...
2025-06-02 22:37:17,642 - INFO - Fetching US minute data for 105.splv ...
2025-06-02 22:37:19,576 - ERROR - Error fetching US data for 105.splv: 'NoneType' object is not subscriptable
2025-06-02 22:37:19,578 - INFO - Fetching US minute data for 105.SPLV ...
2025-06-02 22:37:21,542 - ERROR - Error fetching US data for 105.SPLV: 'NoneType' object is not subscriptable
2025-06-02 22:37:21,705 - INFO - Data for 105.SPLV saved to output_V4/US/105.SPLV_US_minute_data_20250602_223721_V4.xlsx
2025-06-02 22:37:21,705 - INFO - Fetching US daily data for VYM ...
2025-06-02 22:37:24,868 - INFO - Fetching US minute data for 105.vym ...
2025-06-02 22:37:26,543 - ERROR - Error fetching US data for 105.vym: 'NoneType' object is not subscriptable
2025-06-02 22:37:26,545 - INFO - Fetching US minute data for 105.VYM ...
2025-06-02 22:37:28,358 - ERROR - Error fetching US data for 105.VYM: 'NoneType' object is not subscriptable
2025-06-02 22:37:28,553 - INFO - Data for 105.VYM saved to output_V4/US/105.VYM_US_minute_data_20250602_223728_V4.xlsx
2025-06-02 22:37:28,553 - INFO - Fetching US daily data for DVY ...
2025-06-02 22:37:34,380 - INFO - Fetching US minute data for 105.dvy ...
2025-06-02 22:37:37,459 - INFO - Fetching US minute data for 105.DVY ...
2025-06-02 22:37:40,399 - INFO - Data for 105.DVY saved to output_V4/US/105.DVY_US_minute_data_20250602_223740_V4.xlsx
