2025-05-12 19:01:59,877 - INFO - Loaded symbols: ['105.MSFT', '106.TSM', '09988.hk', '00998.hk', '600536.sh', '600309.sh', '601998.sh']
2025-05-12 19:02:02,240 - INFO - Starting to fetch data for 7 stocks, periods: ['1', '5', '15', '30']
2025-05-12 19:02:02,241 - INFO - Fetching US daily data for MSFT ...
2025-05-12 19:02:09,900 - INFO - Fetching US minute data for 105.msft ...
2025-05-12 19:02:14,172 - INFO - Fetching US minute data for 105.MSFT ...
2025-05-12 19:02:18,151 - INFO - Data for 105.MSFT saved to output_V4/US/105.MSFT_US_minute_data_20250512_190217_V4.xlsx
2025-05-12 19:02:18,152 - INFO - Fetching US daily data for TSM ...
2025-05-12 19:02:23,952 - INFO - Fetching US minute data for 106.tsm ...
2025-05-12 19:02:27,083 - INFO - Fetching US minute data for 106.TSM ...
2025-05-12 19:02:30,679 - INFO - Data for 106.TSM saved to output_V4/US/106.TSM_US_minute_data_20250512_190230_V4.xlsx
2025-05-12 19:02:30,679 - INFO - Fetching HK daily data for 09988 ...
2025-05-12 19:02:33,783 - INFO - Fetching HK minute data for 09988 period=1...
2025-05-12 19:02:37,235 - INFO - Fetching HK minute data for 09988 period=5...
2025-05-12 19:02:40,486 - INFO - Fetching HK minute data for 09988 period=15...
2025-05-12 19:02:42,821 - INFO - Fetching HK minute data for 09988 period=30...
2025-05-12 19:02:45,323 - INFO - Data for 09988.hk saved to output_V4/HK/09988.hk_HK_minute_data_20250512_190244_V4.xlsx
2025-05-12 19:02:45,323 - INFO - Fetching HK daily data for 00998 ...
2025-05-12 19:02:48,425 - INFO - Fetching HK minute data for 00998 period=1...
2025-05-12 19:02:51,865 - INFO - Fetching HK minute data for 00998 period=5...
2025-05-12 19:02:54,257 - INFO - Fetching HK minute data for 00998 period=15...
2025-05-12 19:02:56,701 - INFO - Fetching HK minute data for 00998 period=30...
2025-05-12 19:02:59,268 - INFO - Data for 00998.hk saved to output_V4/HK/00998.hk_HK_minute_data_20250512_190258_V4.xlsx
2025-05-12 19:02:59,268 - INFO - Fetching CN daily data for 600536 ...
2025-05-12 19:03:02,830 - INFO - Fetching CN minute data for 600536 period=1...
2025-05-12 19:03:06,186 - INFO - Fetching CN minute data for 600536 period=5...
2025-05-12 19:03:08,541 - INFO - Fetching CN minute data for 600536 period=15...
2025-05-12 19:03:10,911 - INFO - Fetching CN minute data for 600536 period=30...
2025-05-12 19:03:13,874 - INFO - Data for 600536.sh saved to output_V4/CN/600536.sh_CN_minute_data_20250512_190313_V4.xlsx
2025-05-12 19:03:16,572 - INFO - 资金流向已保存到 output_V4/proceeded/CN/600536.sh_CN_fund_flow_20250512_190316_V4.xlsx
2025-05-12 19:03:16,572 - INFO - Fetching CN daily data for 600309 ...
2025-05-12 19:03:21,622 - INFO - Fetching CN minute data for 600309 period=1...
2025-05-12 19:03:25,111 - INFO - Fetching CN minute data for 600309 period=5...
2025-05-12 19:03:28,191 - INFO - Fetching CN minute data for 600309 period=15...
2025-05-12 19:03:30,276 - INFO - Fetching CN minute data for 600309 period=30...
2025-05-12 19:03:32,995 - INFO - Data for 600309.sh saved to output_V4/CN/600309.sh_CN_minute_data_20250512_190332_V4.xlsx
2025-05-12 19:03:36,825 - INFO - 资金流向已保存到 output_V4/proceeded/CN/600309.sh_CN_fund_flow_20250512_190336_V4.xlsx
2025-05-12 19:03:36,825 - INFO - Fetching CN daily data for 601998 ...
2025-05-12 19:03:39,634 - INFO - Fetching CN minute data for 601998 period=1...
2025-05-12 19:03:42,007 - INFO - Fetching CN minute data for 601998 period=5...
2025-05-12 19:03:44,484 - INFO - Fetching CN minute data for 601998 period=15...
2025-05-12 19:03:49,404 - INFO - Fetching CN minute data for 601998 period=30...
2025-05-12 19:03:52,050 - INFO - Data for 601998.sh saved to output_V4/CN/601998.sh_CN_minute_data_20250512_190351_V4.xlsx
2025-05-12 19:03:54,484 - INFO - 资金流向已保存到 output_V4/proceeded/CN/601998.sh_CN_fund_flow_20250512_190354_V4.xlsx
