2025-05-15 20:23:02,505 - INFO - Loaded symbols: ['105.MSFT', '105.EWJ', '106.TSM', '600536.sh', '600309.sh', '601998.sh', '09988.hk', '00998.hk']
2025-05-15 20:23:04,268 - INFO - Starting to fetch data for 8 stocks, periods: ['1', '5', '15', '30']
2025-05-15 20:23:04,268 - INFO - Fetching US daily data for MSFT ...
2025-05-15 20:23:09,070 - INFO - Fetching US minute data for 105.msft ...
2025-05-15 20:23:12,047 - INFO - Fetching US minute data for 105.MSFT ...
2025-05-15 20:23:15,158 - INFO - Data for 105.MSFT saved to output_V4/US/105.MSFT_US_minute_data_20250515_202314_V4.xlsx
2025-05-15 20:23:15,158 - INFO - Fetching US daily data for EWJ ...
2025-05-15 20:23:18,327 - INFO - Fetching US minute data for 105.ewj ...
2025-05-15 20:23:20,350 - ERROR - Error fetching US data for 105.ewj: 'NoneType' object is not subscriptable
2025-05-15 20:23:20,352 - INFO - Fetching US minute data for 105.EWJ ...
2025-05-15 20:23:22,169 - ERROR - Error fetching US data for 105.EWJ: 'NoneType' object is not subscriptable
2025-05-15 20:23:22,354 - INFO - Data for 105.EWJ saved to output_V4/US/105.EWJ_US_minute_data_20250515_202322_V4.xlsx
2025-05-15 20:23:22,354 - INFO - Fetching US daily data for TSM ...
2025-05-15 20:23:25,606 - INFO - Fetching US minute data for 106.tsm ...
2025-05-15 20:23:28,538 - INFO - Fetching US minute data for 106.TSM ...
2025-05-15 20:23:31,335 - INFO - Data for 106.TSM saved to output_V4/US/106.TSM_US_minute_data_20250515_202331_V4.xlsx
2025-05-15 20:23:31,335 - INFO - Fetching CN daily data for 600536 ...
2025-05-15 20:23:34,136 - INFO - Fetching CN minute data for 600536 period=1...
2025-05-15 20:23:36,369 - INFO - Fetching CN minute data for 600536 period=5...
2025-05-15 20:23:38,790 - INFO - Fetching CN minute data for 600536 period=15...
2025-05-15 20:23:40,993 - INFO - Fetching CN minute data for 600536 period=30...
2025-05-15 20:23:43,522 - INFO - Data for 600536.sh saved to output_V4/CN/600536.sh_CN_minute_data_20250515_202342_V4.xlsx
2025-05-15 20:23:45,625 - INFO - 资金流向已保存到 output_V4/proceeded/CN/600536.sh_CN_fund_flow_20250515_202345_V4.xlsx
2025-05-15 20:23:45,625 - INFO - Fetching CN daily data for 600309 ...
2025-05-15 20:23:48,136 - INFO - Fetching CN minute data for 600309 period=1...
2025-05-15 20:23:50,083 - INFO - Fetching CN minute data for 600309 period=5...
2025-05-15 20:23:52,355 - INFO - Fetching CN minute data for 600309 period=15...
2025-05-15 20:23:54,256 - INFO - Fetching CN minute data for 600309 period=30...
2025-05-15 20:23:56,969 - INFO - Data for 600309.sh saved to output_V4/CN/600309.sh_CN_minute_data_20250515_202356_V4.xlsx
2025-05-15 20:23:59,044 - INFO - 资金流向已保存到 output_V4/proceeded/CN/600309.sh_CN_fund_flow_20250515_202359_V4.xlsx
2025-05-15 20:23:59,044 - INFO - Fetching CN daily data for 601998 ...
2025-05-15 20:24:01,508 - INFO - Fetching CN minute data for 601998 period=1...
2025-05-15 20:24:03,892 - INFO - Fetching CN minute data for 601998 period=5...
2025-05-15 20:24:06,035 - INFO - Fetching CN minute data for 601998 period=15...
2025-05-15 20:24:08,143 - INFO - Fetching CN minute data for 601998 period=30...
2025-05-15 20:24:11,103 - INFO - Data for 601998.sh saved to output_V4/CN/601998.sh_CN_minute_data_20250515_202410_V4.xlsx
2025-05-15 20:24:13,065 - INFO - 资金流向已保存到 output_V4/proceeded/CN/601998.sh_CN_fund_flow_20250515_202413_V4.xlsx
2025-05-15 20:24:13,065 - INFO - Fetching HK daily data for 09988 ...
2025-05-15 20:24:15,730 - INFO - Fetching HK minute data for 09988 period=1...
2025-05-15 20:24:22,445 - INFO - Fetching HK minute data for 09988 period=5...
2025-05-15 20:24:24,596 - INFO - Fetching HK minute data for 09988 period=15...
2025-05-15 20:24:26,667 - INFO - Fetching HK minute data for 09988 period=30...
2025-05-15 20:24:29,168 - INFO - Data for 09988.hk saved to output_V4/HK/09988.hk_HK_minute_data_20250515_202428_V4.xlsx
2025-05-15 20:24:29,168 - INFO - Fetching HK daily data for 00998 ...
2025-05-15 20:24:31,706 - INFO - Fetching HK minute data for 00998 period=1...
2025-05-15 20:24:34,963 - INFO - Fetching HK minute data for 00998 period=5...
2025-05-15 20:24:37,296 - INFO - Fetching HK minute data for 00998 period=15...
2025-05-15 20:24:39,366 - INFO - Fetching HK minute data for 00998 period=30...
2025-05-15 20:24:44,952 - INFO - Data for 00998.hk saved to output_V4/HK/00998.hk_HK_minute_data_20250515_202444_V4.xlsx
