2025-05-14 12:07:15,948 - INFO - Loaded symbols: ['105.MSFT', '105.EWJ', '106.TSM', '600536.sh', '600309.sh', '601998.sh', '09988.hk', '00998.hk']
2025-05-14 12:07:18,309 - INFO - Starting to fetch data for 8 stocks, periods: ['1', '5', '15', '30']
2025-05-14 12:07:18,309 - INFO - Fetching US daily data for MSFT ...
2025-05-14 12:07:23,934 - INFO - Fetching US minute data for 105.msft ...
2025-05-14 12:07:26,382 - INFO - Fetching US minute data for 105.MSFT ...
2025-05-14 12:07:30,964 - INFO - Data for 105.MSFT saved to output_V4/US/105.MSFT_US_minute_data_20250514_120730_V4.xlsx
2025-05-14 12:07:30,965 - INFO - Fetching US daily data for EWJ ...
2025-05-14 12:07:34,399 - INFO - Fetching US minute data for 105.ewj ...
2025-05-14 12:07:36,314 - ERROR - Error fetching US data for 105.ewj: 'NoneType' object is not subscriptable
2025-05-14 12:07:36,316 - INFO - Fetching US minute data for 105.EWJ ...
2025-05-14 12:07:38,575 - ERROR - Error fetching US data for 105.EWJ: 'NoneType' object is not subscriptable
2025-05-14 12:07:38,794 - INFO - Data for 105.EWJ saved to output_V4/US/105.EWJ_US_minute_data_20250514_120738_V4.xlsx
2025-05-14 12:07:38,795 - INFO - Fetching US daily data for TSM ...
2025-05-14 12:07:42,008 - INFO - Fetching US minute data for 106.tsm ...
2025-05-14 12:07:44,417 - INFO - Fetching US minute data for 106.TSM ...
2025-05-14 12:07:47,592 - INFO - Data for 106.TSM saved to output_V4/US/106.TSM_US_minute_data_20250514_120747_V4.xlsx
2025-05-14 12:07:47,593 - INFO - Fetching CN daily data for 600536 ...
2025-05-14 12:07:50,899 - INFO - Fetching CN minute data for 600536 period=1...
2025-05-14 12:07:54,655 - INFO - Fetching CN minute data for 600536 period=5...
2025-05-14 12:07:57,004 - INFO - Fetching CN minute data for 600536 period=15...
2025-05-14 12:07:59,090 - INFO - Fetching CN minute data for 600536 period=30...
2025-05-14 12:08:01,625 - INFO - Data for 600536.sh saved to output_V4/CN/600536.sh_CN_minute_data_20250514_120801_V4.xlsx
2025-05-14 12:08:03,597 - INFO - 资金流向已保存到 output_V4/proceeded/CN/600536.sh_CN_fund_flow_20250514_120803_V4.xlsx
2025-05-14 12:08:03,597 - INFO - Fetching CN daily data for 600309 ...
2025-05-14 12:08:06,391 - INFO - Fetching CN minute data for 600309 period=1...
2025-05-14 12:08:08,611 - INFO - Fetching CN minute data for 600309 period=5...
2025-05-14 12:08:11,561 - INFO - Fetching CN minute data for 600309 period=15...
2025-05-14 12:08:14,578 - INFO - Fetching CN minute data for 600309 period=30...
2025-05-14 12:08:17,147 - INFO - Data for 600309.sh saved to output_V4/CN/600309.sh_CN_minute_data_20250514_120816_V4.xlsx
2025-05-14 12:08:19,858 - INFO - 资金流向已保存到 output_V4/proceeded/CN/600309.sh_CN_fund_flow_20250514_120819_V4.xlsx
2025-05-14 12:08:19,858 - INFO - Fetching CN daily data for 601998 ...
2025-05-14 12:08:23,305 - INFO - Fetching CN minute data for 601998 period=1...
2025-05-14 12:08:25,349 - INFO - Fetching CN minute data for 601998 period=5...
2025-05-14 12:08:27,553 - INFO - Fetching CN minute data for 601998 period=15...
2025-05-14 12:08:30,401 - INFO - Fetching CN minute data for 601998 period=30...
2025-05-14 12:08:33,206 - INFO - Data for 601998.sh saved to output_V4/CN/601998.sh_CN_minute_data_20250514_120832_V4.xlsx
2025-05-14 12:08:35,185 - INFO - 资金流向已保存到 output_V4/proceeded/CN/601998.sh_CN_fund_flow_20250514_120835_V4.xlsx
2025-05-14 12:08:35,186 - INFO - Fetching HK daily data for 09988 ...
2025-05-14 12:08:37,505 - INFO - Fetching HK minute data for 09988 period=1...
2025-05-14 12:08:40,234 - INFO - Fetching HK minute data for 09988 period=5...
2025-05-14 12:08:43,682 - INFO - Fetching HK minute data for 09988 period=15...
2025-05-14 12:08:46,120 - INFO - Fetching HK minute data for 09988 period=30...
2025-05-14 12:08:50,867 - INFO - Data for 09988.hk saved to output_V4/HK/09988.hk_HK_minute_data_20250514_120850_V4.xlsx
2025-05-14 12:08:50,867 - INFO - Fetching HK daily data for 00998 ...
2025-05-14 12:08:55,029 - INFO - Fetching HK minute data for 00998 period=1...
2025-05-14 12:08:56,457 - ERROR - Error fetching HK data for 00998.hk: HTTPSConnectionPool(host='push2his.eastmoney.com', port=443): Max retries exceeded with url: /api/qt/stock/trends2/get?fields1=f1%2Cf2%2Cf3%2Cf4%2Cf5%2Cf6%2Cf7%2Cf8%2Cf9%2Cf10%2Cf11%2Cf12%2Cf13&fields2=f51%2Cf52%2Cf53%2Cf54%2Cf55%2Cf56%2Cf57%2Cf58&iscr=0&ndays=5&secid=116.00998 (Caused by SSLError(SSLError(1, '[SSL: WRONG_VERSION_NUMBER] wrong version number (_ssl.c:2580)')))
2025-05-14 12:08:56,459 - INFO - Fetching HK minute data for 00998 period=5...
2025-05-14 12:08:58,711 - INFO - Fetching HK minute data for 00998 period=15...
2025-05-14 12:09:00,704 - INFO - Fetching HK minute data for 00998 period=30...
2025-05-14 12:09:03,046 - INFO - Data for 00998.hk saved to output_V4/HK/00998.hk_HK_minute_data_20250514_120902_V4.xlsx
