2025-06-03 16:42:50,264 - INFO - Loaded symbols: ['105.MSFT', '105.EWJ', '106.TSM', '105.VOO', '105.QQQ', '105.TLT', '105.IEF', '105.BND', '105.GLD', '105.EWJ', '600536.sh', '600309.sh', '601998.sh', '09988.hk', '00998.hk']
2025-06-03 16:42:51,953 - INFO - Starting to fetch data for 15 stocks, periods: ['1', '5', '15', '30']
2025-06-03 16:42:51,953 - INFO - Fetching US daily data for MSFT ...
2025-06-03 16:42:56,891 - INFO - Fetching US minute data for 105.msft ...
2025-06-03 16:42:59,733 - INFO - Fetching US minute data for 105.MSFT ...
2025-06-03 16:43:03,497 - INFO - Data for 105.MSFT saved to output_V4/US/105.MSFT_US_minute_data_20250603_164302_V4.xlsx
2025-06-03 16:43:03,497 - INFO - Fetching US daily data for EWJ ...
2025-06-03 16:43:11,252 - INFO - Fetching US minute data for 105.ewj ...
2025-06-03 16:43:13,571 - ERROR - Error fetching US data for 105.ewj: 'NoneType' object is not subscriptable
2025-06-03 16:43:13,572 - INFO - Fetching US minute data for 105.EWJ ...
2025-06-03 16:43:15,404 - ERROR - Error fetching US data for 105.EWJ: 'NoneType' object is not subscriptable
2025-06-03 16:43:15,610 - INFO - Data for 105.EWJ saved to output_V4/US/105.EWJ_US_minute_data_20250603_164315_V4.xlsx
2025-06-03 16:43:15,610 - INFO - Fetching US daily data for TSM ...
2025-06-03 16:43:22,155 - INFO - Fetching US minute data for 106.tsm ...
2025-06-03 16:43:24,368 - INFO - Fetching US minute data for 106.TSM ...
2025-06-03 16:43:29,601 - INFO - Data for 106.TSM saved to output_V4/US/106.TSM_US_minute_data_20250603_164329_V4.xlsx
2025-06-03 16:43:29,601 - INFO - Fetching US daily data for VOO ...
2025-06-03 16:43:33,978 - INFO - Fetching US minute data for 105.voo ...
2025-06-03 16:43:36,082 - ERROR - Error fetching US data for 105.voo: 'NoneType' object is not subscriptable
2025-06-03 16:43:36,084 - INFO - Fetching US minute data for 105.VOO ...
2025-06-03 16:43:38,575 - ERROR - Error fetching US data for 105.VOO: 'NoneType' object is not subscriptable
2025-06-03 16:43:38,733 - INFO - Data for 105.VOO saved to output_V4/US/105.VOO_US_minute_data_20250603_164338_V4.xlsx
2025-06-03 16:43:38,733 - INFO - Fetching US daily data for QQQ ...
2025-06-03 16:43:46,063 - INFO - Fetching US minute data for 105.qqq ...
2025-06-03 16:43:48,529 - INFO - Fetching US minute data for 105.QQQ ...
2025-06-03 16:44:05,066 - ERROR - Error fetching US data for 105.QQQ: HTTPSConnectionPool(host='push2his.eastmoney.com', port=443): Read timed out. (read timeout=15)
2025-06-03 16:44:05,346 - INFO - Data for 105.QQQ saved to output_V4/US/105.QQQ_US_minute_data_20250603_164405_V4.xlsx
2025-06-03 16:44:05,347 - INFO - Fetching US daily data for TLT ...
2025-06-03 16:44:10,019 - INFO - Fetching US minute data for 105.tlt ...
2025-06-03 16:44:12,754 - INFO - Fetching US minute data for 105.TLT ...
2025-06-03 16:44:15,740 - INFO - Data for 105.TLT saved to output_V4/US/105.TLT_US_minute_data_20250603_164415_V4.xlsx
2025-06-03 16:44:15,740 - INFO - Fetching US daily data for IEF ...
2025-06-03 16:44:20,851 - INFO - Fetching US minute data for 105.ief ...
2025-06-03 16:44:23,066 - INFO - Fetching US minute data for 105.IEF ...
2025-06-03 16:44:25,280 - INFO - Data for 105.IEF saved to output_V4/US/105.IEF_US_minute_data_20250603_164425_V4.xlsx
2025-06-03 16:44:25,280 - INFO - Fetching US daily data for BND ...
2025-06-03 16:44:29,344 - INFO - Fetching US minute data for 105.bnd ...
2025-06-03 16:44:34,449 - INFO - Fetching US minute data for 105.BND ...
2025-06-03 16:44:38,029 - INFO - Data for 105.BND saved to output_V4/US/105.BND_US_minute_data_20250603_164437_V4.xlsx
2025-06-03 16:44:38,029 - INFO - Fetching US daily data for GLD ...
2025-06-03 16:44:44,229 - INFO - Fetching US minute data for 105.gld ...
2025-06-03 16:44:46,538 - ERROR - Error fetching US data for 105.gld: 'NoneType' object is not subscriptable
2025-06-03 16:44:46,540 - INFO - Fetching US minute data for 105.GLD ...
2025-06-03 16:44:48,479 - ERROR - Error fetching US data for 105.GLD: 'NoneType' object is not subscriptable
2025-06-03 16:44:48,688 - INFO - Data for 105.GLD saved to output_V4/US/105.GLD_US_minute_data_20250603_164448_V4.xlsx
2025-06-03 16:44:48,688 - INFO - Fetching US daily data for EWJ ...
2025-06-03 16:44:52,019 - INFO - Fetching US minute data for 105.ewj ...
2025-06-03 16:44:54,003 - ERROR - Error fetching US data for 105.ewj: 'NoneType' object is not subscriptable
2025-06-03 16:44:54,005 - INFO - Fetching US minute data for 105.EWJ ...
2025-06-03 16:44:55,840 - ERROR - Error fetching US data for 105.EWJ: 'NoneType' object is not subscriptable
2025-06-03 16:44:56,084 - INFO - Data for 105.EWJ saved to output_V4/US/105.EWJ_US_minute_data_20250603_164455_V4.xlsx
2025-06-03 16:44:56,084 - INFO - Fetching CN daily data for 600536 ...
2025-06-03 16:44:59,107 - INFO - Fetching CN minute data for 600536 period=1...
2025-06-03 16:45:01,024 - INFO - Fetching CN minute data for 600536 period=5...
2025-06-03 16:45:04,656 - INFO - Fetching CN minute data for 600536 period=15...
2025-06-03 16:45:06,395 - INFO - Fetching CN minute data for 600536 period=30...
2025-06-03 16:45:09,073 - INFO - Data for 600536.sh saved to output_V4/CN/600536.sh_CN_minute_data_20250603_164508_V4.xlsx
2025-06-03 16:45:14,437 - INFO - 资金流向已保存到 output_V4/proceeded/CN/600536.sh_CN_fund_flow_20250603_164514_V4.xlsx
2025-06-03 16:45:14,437 - INFO - Fetching CN daily data for 600309 ...
2025-06-03 16:45:17,457 - INFO - Fetching CN minute data for 600309 period=1...
2025-06-03 16:45:19,782 - INFO - Fetching CN minute data for 600309 period=5...
2025-06-03 16:45:22,700 - INFO - Fetching CN minute data for 600309 period=15...
2025-06-03 16:45:24,663 - INFO - Fetching CN minute data for 600309 period=30...
2025-06-03 16:45:27,724 - INFO - Data for 600309.sh saved to output_V4/CN/600309.sh_CN_minute_data_20250603_164527_V4.xlsx
2025-06-03 16:45:29,737 - INFO - 资金流向已保存到 output_V4/proceeded/CN/600309.sh_CN_fund_flow_20250603_164529_V4.xlsx
2025-06-03 16:45:29,738 - INFO - Fetching CN daily data for 601998 ...
2025-06-03 16:45:35,101 - INFO - Fetching CN minute data for 601998 period=1...
2025-06-03 16:45:38,244 - INFO - Fetching CN minute data for 601998 period=5...
2025-06-03 16:45:42,272 - INFO - Fetching CN minute data for 601998 period=15...
2025-06-03 16:45:44,145 - INFO - Fetching CN minute data for 601998 period=30...
2025-06-03 16:45:47,783 - INFO - Data for 601998.sh saved to output_V4/CN/601998.sh_CN_minute_data_20250603_164547_V4.xlsx
2025-06-03 16:45:49,717 - INFO - 资金流向已保存到 output_V4/proceeded/CN/601998.sh_CN_fund_flow_20250603_164549_V4.xlsx
2025-06-03 16:45:49,718 - INFO - Fetching HK daily data for 09988 ...
2025-06-03 16:45:52,306 - INFO - Fetching HK minute data for 09988 period=1...
2025-06-03 16:45:54,945 - INFO - Fetching HK minute data for 09988 period=5...
2025-06-03 16:45:57,139 - INFO - Fetching HK minute data for 09988 period=15...
2025-06-03 16:45:59,120 - INFO - Fetching HK minute data for 09988 period=30...
2025-06-03 16:46:01,545 - INFO - Data for 09988.hk saved to output_V4/HK/09988.hk_HK_minute_data_20250603_164601_V4.xlsx
2025-06-03 16:46:01,546 - INFO - Fetching HK daily data for 00998 ...
2025-06-03 16:46:04,543 - INFO - Fetching HK minute data for 00998 period=1...
2025-06-03 16:46:07,942 - INFO - Fetching HK minute data for 00998 period=5...
2025-06-03 16:46:10,073 - INFO - Fetching HK minute data for 00998 period=15...
2025-06-03 16:46:13,495 - INFO - Fetching HK minute data for 00998 period=30...
2025-06-03 16:46:17,549 - INFO - Data for 00998.hk saved to output_V4/HK/00998.hk_HK_minute_data_20250603_164617_V4.xlsx
