2025-05-14 18:57:41,747 - INFO - Loaded symbols: ['105.MSFT', '105.EWJ', '106.TSM', '600536.sh', '600309.sh', '601998.sh', '09988.hk', '00998.hk']
2025-05-14 18:57:43,391 - INFO - Starting to fetch data for 8 stocks, periods: ['1', '5', '15', '30']
2025-05-14 18:57:43,391 - INFO - Fetching US daily data for MSFT ...
2025-05-14 18:57:47,034 - INFO - Fetching US minute data for 105.msft ...
2025-05-14 18:57:49,640 - INFO - Fetching US minute data for 105.MSFT ...
2025-05-14 18:57:52,340 - INFO - Data for 105.MSFT saved to output_V4/US/105.MSFT_US_minute_data_20250514_185751_V4.xlsx
2025-05-14 18:57:52,340 - INFO - Fetching US daily data for EWJ ...
2025-05-14 18:57:56,467 - INFO - Fetching US minute data for 105.ewj ...
2025-05-14 18:57:58,321 - ERROR - Error fetching US data for 105.ewj: 'NoneType' object is not subscriptable
2025-05-14 18:57:58,322 - INFO - Fetching US minute data for 105.EWJ ...
2025-05-14 18:58:00,284 - ERROR - Error fetching US data for 105.EWJ: 'NoneType' object is not subscriptable
2025-05-14 18:58:00,477 - INFO - Data for 105.EWJ saved to output_V4/US/105.EWJ_US_minute_data_20250514_185800_V4.xlsx
2025-05-14 18:58:00,477 - INFO - Fetching US daily data for TSM ...
2025-05-14 18:58:03,773 - INFO - Fetching US minute data for 106.tsm ...
2025-05-14 18:58:06,180 - INFO - Fetching US minute data for 106.TSM ...
2025-05-14 18:58:08,814 - INFO - Data for 106.TSM saved to output_V4/US/106.TSM_US_minute_data_20250514_185808_V4.xlsx
2025-05-14 18:58:08,814 - INFO - Fetching CN daily data for 600536 ...
2025-05-14 18:58:11,471 - INFO - Fetching CN minute data for 600536 period=1...
2025-05-14 18:58:13,693 - INFO - Fetching CN minute data for 600536 period=5...
2025-05-14 18:58:15,893 - INFO - Fetching CN minute data for 600536 period=15...
2025-05-14 18:58:17,676 - INFO - Fetching CN minute data for 600536 period=30...
2025-05-14 18:58:21,235 - INFO - Data for 600536.sh saved to output_V4/CN/600536.sh_CN_minute_data_20250514_185820_V4.xlsx
2025-05-14 18:58:22,890 - INFO - 资金流向已保存到 output_V4/proceeded/CN/600536.sh_CN_fund_flow_20250514_185822_V4.xlsx
2025-05-14 18:58:22,890 - INFO - Fetching CN daily data for 600309 ...
2025-05-14 18:58:25,560 - INFO - Fetching CN minute data for 600309 period=1...
2025-05-14 18:58:27,920 - INFO - Fetching CN minute data for 600309 period=5...
2025-05-14 18:58:30,263 - INFO - Fetching CN minute data for 600309 period=15...
2025-05-14 18:58:32,312 - INFO - Fetching CN minute data for 600309 period=30...
2025-05-14 18:58:34,799 - INFO - Data for 600309.sh saved to output_V4/CN/600309.sh_CN_minute_data_20250514_185834_V4.xlsx
2025-05-14 18:58:36,633 - INFO - 资金流向已保存到 output_V4/proceeded/CN/600309.sh_CN_fund_flow_20250514_185836_V4.xlsx
2025-05-14 18:58:36,633 - INFO - Fetching CN daily data for 601998 ...
2025-05-14 18:58:39,009 - INFO - Fetching CN minute data for 601998 period=1...
2025-05-14 18:58:41,377 - INFO - Fetching CN minute data for 601998 period=5...
2025-05-14 18:58:43,455 - INFO - Fetching CN minute data for 601998 period=15...
2025-05-14 18:58:45,549 - INFO - Fetching CN minute data for 601998 period=30...
2025-05-14 18:58:47,906 - INFO - Data for 601998.sh saved to output_V4/CN/601998.sh_CN_minute_data_20250514_185847_V4.xlsx
2025-05-14 18:58:50,013 - INFO - 资金流向已保存到 output_V4/proceeded/CN/601998.sh_CN_fund_flow_20250514_185850_V4.xlsx
2025-05-14 18:58:50,013 - INFO - Fetching HK daily data for 09988 ...
2025-05-14 18:58:52,351 - INFO - Fetching HK minute data for 09988 period=1...
2025-05-14 18:58:54,667 - INFO - Fetching HK minute data for 09988 period=5...
2025-05-14 18:58:56,878 - INFO - Fetching HK minute data for 09988 period=15...
2025-05-14 18:58:58,659 - INFO - Fetching HK minute data for 09988 period=30...
2025-05-14 18:59:00,935 - INFO - Data for 09988.hk saved to output_V4/HK/09988.hk_HK_minute_data_20250514_185900_V4.xlsx
2025-05-14 18:59:00,935 - INFO - Fetching HK daily data for 00998 ...
2025-05-14 18:59:03,443 - INFO - Fetching HK minute data for 00998 period=1...
2025-05-14 18:59:05,719 - INFO - Fetching HK minute data for 00998 period=5...
2025-05-14 18:59:07,733 - INFO - Fetching HK minute data for 00998 period=15...
2025-05-14 18:59:09,820 - INFO - Fetching HK minute data for 00998 period=30...
2025-05-14 18:59:12,157 - INFO - Data for 00998.hk saved to output_V4/HK/00998.hk_HK_minute_data_20250514_185911_V4.xlsx
