2025-06-04 16:34:40,174 - INFO - Loaded symbols: ['105.MSFT', '105.EWJ', '106.TSM', '105.VOO', '105.QQQ', '105.TLT', '105.IEF', '105.BND', '105.GLD', '105.EWJ', '600536.sh', '600309.sh', '601998.sh', '09988.hk', '00998.hk']
2025-06-04 16:34:43,326 - INFO - Starting to fetch data for 15 stocks, periods: ['1', '5', '15', '30']
2025-06-04 16:34:43,326 - INFO - Fetching US daily data for MSFT ...
2025-06-04 16:34:49,865 - INFO - Fetching US minute data for 105.msft ...
2025-06-04 16:34:55,235 - INFO - Fetching US minute data for 105.MSFT ...
2025-06-04 16:35:01,819 - INFO - Data for 105.MSFT saved to output_V4/US/105.MSFT_US_minute_data_20250604_163501_V4.xlsx
2025-06-04 16:35:01,819 - INFO - Fetching US daily data for EWJ ...
2025-06-04 16:35:08,962 - INFO - Fetching US minute data for 105.ewj ...
2025-06-04 16:35:13,080 - ERROR - Error fetching US data for 105.ewj: 'NoneType' object is not subscriptable
2025-06-04 16:35:13,082 - INFO - Fetching US minute data for 105.EWJ ...
2025-06-04 16:35:15,430 - ERROR - Error fetching US data for 105.EWJ: 'NoneType' object is not subscriptable
2025-06-04 16:35:15,642 - INFO - Data for 105.EWJ saved to output_V4/US/105.EWJ_US_minute_data_20250604_163515_V4.xlsx
2025-06-04 16:35:15,642 - INFO - Fetching US daily data for TSM ...
2025-06-04 16:35:21,396 - INFO - Fetching US minute data for 106.tsm ...
2025-06-04 16:35:27,544 - INFO - Fetching US minute data for 106.TSM ...
2025-06-04 16:35:33,170 - INFO - Data for 106.TSM saved to output_V4/US/106.TSM_US_minute_data_20250604_163532_V4.xlsx
2025-06-04 16:35:33,170 - INFO - Fetching US daily data for VOO ...
2025-06-04 16:35:38,132 - INFO - Fetching US minute data for 105.voo ...
2025-06-04 16:35:40,425 - ERROR - Error fetching US data for 105.voo: 'NoneType' object is not subscriptable
2025-06-04 16:35:40,427 - INFO - Fetching US minute data for 105.VOO ...
2025-06-04 16:35:44,680 - ERROR - Error fetching US data for 105.VOO: 'NoneType' object is not subscriptable
2025-06-04 16:35:44,848 - INFO - Data for 105.VOO saved to output_V4/US/105.VOO_US_minute_data_20250604_163544_V4.xlsx
2025-06-04 16:35:44,848 - INFO - Fetching US daily data for QQQ ...
2025-06-04 16:35:50,819 - INFO - Fetching US minute data for 105.qqq ...
2025-06-04 16:35:53,588 - INFO - Fetching US minute data for 105.QQQ ...
2025-06-04 16:35:56,187 - INFO - Data for 105.QQQ saved to output_V4/US/105.QQQ_US_minute_data_20250604_163555_V4.xlsx
2025-06-04 16:35:56,187 - INFO - Fetching US daily data for TLT ...
2025-06-04 16:36:01,199 - INFO - Fetching US minute data for 105.tlt ...
2025-06-04 16:36:03,829 - INFO - Fetching US minute data for 105.TLT ...
2025-06-04 16:36:07,822 - INFO - Data for 105.TLT saved to output_V4/US/105.TLT_US_minute_data_20250604_163607_V4.xlsx
2025-06-04 16:36:07,822 - INFO - Fetching US daily data for IEF ...
2025-06-04 16:36:13,614 - INFO - Fetching US minute data for 105.ief ...
2025-06-04 16:36:15,819 - INFO - Fetching US minute data for 105.IEF ...
2025-06-04 16:36:19,661 - INFO - Data for 105.IEF saved to output_V4/US/105.IEF_US_minute_data_20250604_163619_V4.xlsx
2025-06-04 16:36:19,661 - INFO - Fetching US daily data for BND ...
2025-06-04 16:36:24,786 - INFO - Fetching US minute data for 105.bnd ...
2025-06-04 16:36:29,188 - INFO - Fetching US minute data for 105.BND ...
2025-06-04 16:36:33,381 - INFO - Data for 105.BND saved to output_V4/US/105.BND_US_minute_data_20250604_163633_V4.xlsx
2025-06-04 16:36:33,381 - INFO - Fetching US daily data for GLD ...
2025-06-04 16:36:40,491 - INFO - Fetching US minute data for 105.gld ...
2025-06-04 16:36:43,740 - ERROR - Error fetching US data for 105.gld: 'NoneType' object is not subscriptable
2025-06-04 16:36:43,742 - INFO - Fetching US minute data for 105.GLD ...
2025-06-04 16:36:46,008 - ERROR - Error fetching US data for 105.GLD: 'NoneType' object is not subscriptable
2025-06-04 16:36:46,218 - INFO - Data for 105.GLD saved to output_V4/US/105.GLD_US_minute_data_20250604_163646_V4.xlsx
2025-06-04 16:36:46,218 - INFO - Fetching US daily data for EWJ ...
2025-06-04 16:36:53,334 - INFO - Fetching US minute data for 105.ewj ...
2025-06-04 16:36:56,709 - ERROR - Error fetching US data for 105.ewj: 'NoneType' object is not subscriptable
2025-06-04 16:36:56,710 - INFO - Fetching US minute data for 105.EWJ ...
2025-06-04 16:37:00,284 - ERROR - Error fetching US data for 105.EWJ: 'NoneType' object is not subscriptable
2025-06-04 16:37:00,535 - INFO - Data for 105.EWJ saved to output_V4/US/105.EWJ_US_minute_data_20250604_163700_V4.xlsx
2025-06-04 16:37:00,535 - INFO - Fetching CN daily data for 600536 ...
2025-06-04 16:37:03,451 - INFO - Fetching CN minute data for 600536 period=1...
2025-06-04 16:37:06,085 - INFO - Fetching CN minute data for 600536 period=5...
2025-06-04 16:37:09,173 - INFO - Fetching CN minute data for 600536 period=15...
2025-06-04 16:37:12,472 - INFO - Fetching CN minute data for 600536 period=30...
2025-06-04 16:37:16,099 - INFO - Data for 600536.sh saved to output_V4/CN/600536.sh_CN_minute_data_20250604_163715_V4.xlsx
2025-06-04 16:37:18,526 - INFO - 资金流向已保存到 output_V4/proceeded/CN/600536.sh_CN_fund_flow_20250604_163718_V4.xlsx
2025-06-04 16:37:18,527 - INFO - Fetching CN daily data for 600309 ...
2025-06-04 16:37:25,797 - INFO - Fetching CN minute data for 600309 period=1...
2025-06-04 16:37:29,548 - INFO - Fetching CN minute data for 600309 period=5...
2025-06-04 16:37:32,298 - INFO - Fetching CN minute data for 600309 period=15...
2025-06-04 16:37:36,254 - INFO - Fetching CN minute data for 600309 period=30...
2025-06-04 16:37:39,811 - INFO - Data for 600309.sh saved to output_V4/CN/600309.sh_CN_minute_data_20250604_163739_V4.xlsx
2025-06-04 16:37:42,750 - INFO - 资金流向已保存到 output_V4/proceeded/CN/600309.sh_CN_fund_flow_20250604_163742_V4.xlsx
2025-06-04 16:37:42,751 - INFO - Fetching CN daily data for 601998 ...
2025-06-04 16:37:46,589 - INFO - Fetching CN minute data for 601998 period=1...
2025-06-04 16:37:48,845 - INFO - Fetching CN minute data for 601998 period=5...
2025-06-04 16:37:51,676 - INFO - Fetching CN minute data for 601998 period=15...
2025-06-04 16:37:53,662 - INFO - Fetching CN minute data for 601998 period=30...
2025-06-04 16:37:57,981 - INFO - Data for 601998.sh saved to output_V4/CN/601998.sh_CN_minute_data_20250604_163757_V4.xlsx
2025-06-04 16:38:00,145 - INFO - 资金流向已保存到 output_V4/proceeded/CN/601998.sh_CN_fund_flow_20250604_163800_V4.xlsx
2025-06-04 16:38:00,145 - INFO - Fetching HK daily data for 09988 ...
2025-06-04 16:38:04,309 - INFO - Fetching HK minute data for 09988 period=1...
2025-06-04 16:38:08,013 - INFO - Fetching HK minute data for 09988 period=5...
2025-06-04 16:38:10,948 - INFO - Fetching HK minute data for 09988 period=15...
2025-06-04 16:38:13,141 - INFO - Fetching HK minute data for 09988 period=30...
2025-06-04 16:38:15,999 - INFO - Data for 09988.hk saved to output_V4/HK/09988.hk_HK_minute_data_20250604_163815_V4.xlsx
2025-06-04 16:38:15,999 - INFO - Fetching HK daily data for 00998 ...
2025-06-04 16:38:19,913 - INFO - Fetching HK minute data for 00998 period=1...
2025-06-04 16:38:22,735 - INFO - Fetching HK minute data for 00998 period=5...
2025-06-04 16:38:25,436 - INFO - Fetching HK minute data for 00998 period=15...
2025-06-04 16:38:27,653 - INFO - Fetching HK minute data for 00998 period=30...
2025-06-04 16:38:30,102 - INFO - Data for 00998.hk saved to output_V4/HK/00998.hk_HK_minute_data_20250604_163829_V4.xlsx
