2025-05-14 18:32:19,092 - INFO - Loaded symbols: ['105.MSFT', '105.EWJ', '106.TSM', '600536.sh', '600309.sh', '601998.sh', '09988.hk', '00998.hk']
2025-05-14 18:32:23,046 - INFO - Starting to fetch data for 8 stocks, periods: ['1', '5', '15', '30']
2025-05-14 18:32:23,046 - INFO - Fetching US daily data for MSFT ...
2025-05-14 18:32:28,395 - INFO - Fetching US minute data for 105.msft ...
2025-05-14 18:32:30,815 - INFO - Fetching US minute data for 105.MSFT ...
2025-05-14 18:32:33,691 - INFO - Data for 105.MSFT saved to output_V4/US/105.MSFT_US_minute_data_20250514_183233_V4.xlsx
2025-05-14 18:32:33,691 - INFO - Fetching US daily data for EWJ ...
2025-05-14 18:32:36,756 - INFO - Fetching US minute data for 105.ewj ...
2025-05-14 18:32:38,651 - ERROR - Error fetching US data for 105.ewj: 'NoneType' object is not subscriptable
2025-05-14 18:32:38,653 - INFO - Fetching US minute data for 105.EWJ ...
2025-05-14 18:32:40,619 - ERROR - Error fetching US data for 105.EWJ: 'NoneType' object is not subscriptable
2025-05-14 18:32:40,828 - INFO - Data for 105.EWJ saved to output_V4/US/105.EWJ_US_minute_data_20250514_183240_V4.xlsx
2025-05-14 18:32:40,828 - INFO - Fetching US daily data for TSM ...
2025-05-14 18:32:44,063 - INFO - Fetching US minute data for 106.tsm ...
2025-05-14 18:32:46,336 - INFO - Fetching US minute data for 106.TSM ...
2025-05-14 18:32:49,056 - INFO - Data for 106.TSM saved to output_V4/US/106.TSM_US_minute_data_20250514_183248_V4.xlsx
2025-05-14 18:32:49,056 - INFO - Fetching CN daily data for 600536 ...
2025-05-14 18:32:51,590 - INFO - Fetching CN minute data for 600536 period=1...
2025-05-14 18:32:53,928 - INFO - Fetching CN minute data for 600536 period=5...
2025-05-14 18:32:56,059 - INFO - Fetching CN minute data for 600536 period=15...
2025-05-14 18:32:58,100 - INFO - Fetching CN minute data for 600536 period=30...
2025-05-14 18:33:00,567 - INFO - Data for 600536.sh saved to output_V4/CN/600536.sh_CN_minute_data_20250514_183259_V4.xlsx
2025-05-14 18:33:02,444 - INFO - 资金流向已保存到 output_V4/proceeded/CN/600536.sh_CN_fund_flow_20250514_183302_V4.xlsx
2025-05-14 18:33:02,444 - INFO - Fetching CN daily data for 600309 ...
2025-05-14 18:33:05,121 - INFO - Fetching CN minute data for 600309 period=1...
2025-05-14 18:33:07,348 - INFO - Fetching CN minute data for 600309 period=5...
2025-05-14 18:33:09,582 - INFO - Fetching CN minute data for 600309 period=15...
2025-05-14 18:33:12,252 - INFO - Fetching CN minute data for 600309 period=30...
2025-05-14 18:33:14,478 - INFO - Data for 600309.sh saved to output_V4/CN/600309.sh_CN_minute_data_20250514_183313_V4.xlsx
2025-05-14 18:33:16,471 - INFO - 资金流向已保存到 output_V4/proceeded/CN/600309.sh_CN_fund_flow_20250514_183316_V4.xlsx
2025-05-14 18:33:16,471 - INFO - Fetching CN daily data for 601998 ...
2025-05-14 18:33:19,200 - INFO - Fetching CN minute data for 601998 period=1...
2025-05-14 18:33:21,581 - INFO - Fetching CN minute data for 601998 period=5...
2025-05-14 18:33:23,848 - INFO - Fetching CN minute data for 601998 period=15...
2025-05-14 18:33:25,804 - INFO - Fetching CN minute data for 601998 period=30...
2025-05-14 18:33:28,903 - INFO - Data for 601998.sh saved to output_V4/CN/601998.sh_CN_minute_data_20250514_183328_V4.xlsx
2025-05-14 18:33:30,844 - INFO - 资金流向已保存到 output_V4/proceeded/CN/601998.sh_CN_fund_flow_20250514_183330_V4.xlsx
2025-05-14 18:33:30,844 - INFO - Fetching HK daily data for 09988 ...
2025-05-14 18:33:32,837 - INFO - Fetching HK minute data for 09988 period=1...
2025-05-14 18:33:35,159 - INFO - Fetching HK minute data for 09988 period=5...
2025-05-14 18:33:37,394 - INFO - Fetching HK minute data for 09988 period=15...
2025-05-14 18:33:39,535 - INFO - Fetching HK minute data for 09988 period=30...
2025-05-14 18:33:41,796 - INFO - Data for 09988.hk saved to output_V4/HK/09988.hk_HK_minute_data_20250514_183341_V4.xlsx
2025-05-14 18:33:41,796 - INFO - Fetching HK daily data for 00998 ...
2025-05-14 18:33:44,445 - INFO - Fetching HK minute data for 00998 period=1...
2025-05-14 18:33:46,607 - INFO - Fetching HK minute data for 00998 period=5...
2025-05-14 18:33:48,845 - INFO - Fetching HK minute data for 00998 period=15...
2025-05-14 18:33:50,964 - INFO - Fetching HK minute data for 00998 period=30...
2025-05-14 18:33:53,320 - INFO - Data for 00998.hk saved to output_V4/HK/00998.hk_HK_minute_data_20250514_183352_V4.xlsx
